#
# There is insufficient memory for the Java Runtime Environment to continue.
# Native memory allocation (mmap) failed to map 65536 bytes for Failed to commit metaspace.
# Possible reasons:
#   The system is out of physical RAM or swap space
#   The process is running with CompressedOops enabled, and the Java Heap may be blocking the growth of the native heap
# Possible solutions:
#   Reduce memory load on the system
#   Increase physical memory or swap space
#   Check if swap backing store is full
#   Decrease Java heap size (-Xmx/-Xms)
#   Decrease number of Java threads
#   Decrease Java thread stack sizes (-Xss)
#   Set larger code cache with -XX:ReservedCodeCacheSize=
#   JVM is running with Unscaled Compressed Oops mode in which the Java heap is
#     placed in the first 4GB address space. The Java Heap base address is the
#     maximum limit for the native heap growth. Please use -XX:HeapBaseMinAddress
#     to set the Java Heap base and to place the Java Heap above 4GB virtual address.
# This output file may be truncated or incomplete.
#
#  Out of Memory Error (virtualSpaceNode.cpp:110), pid=23020, tid=1448
#
# JRE version: OpenJDK Runtime Environment Temurin-17.0.10+7 (17.0.10+7) (build 17.0.10+7)
# Java VM: OpenJDK 64-Bit Server VM Temurin-17.0.10+7 (17.0.10+7, mixed mode, tiered, compressed oops, compressed class ptrs, parallel gc, windows-amd64)
# No core dump will be written. Minidumps are not enabled by default on client versions of Windows
#

---------------  S U M M A R Y ------------

Command Line: --add-modules=ALL-SYSTEM --add-opens=java.base/java.util=ALL-UNNAMED --add-opens=java.base/java.lang=ALL-UNNAMED --add-opens=java.base/sun.nio.fs=ALL-UNNAMED -Declipse.application=org.eclipse.jdt.ls.core.id1 -Dosgi.bundles.defaultStartLevel=4 -Declipse.product=org.eclipse.jdt.ls.core.product -Djava.import.generatesMetadataFilesAtProjectRoot=false -DDetectVMInstallationsJob.disabled=true -Dfile.encoding=utf8 -XX:+UseParallelGC -XX:GCTimeRatio=4 -XX:AdaptiveSizePolicyWeight=90 -Dsun.zip.disableMemoryMapping=true -Xmx1G -Xms100m -Xlog:disable -javaagent:c:\Users\Agustin\.vscode\extensions\redhat.java-1.28.1-win32-x64\lombok\lombok-1.18.31.jar c:\Users\Agustin\.vscode\extensions\redhat.java-1.28.1-win32-x64\server\plugins\org.eclipse.equinox.launcher_1.6.700.v20231214-2017.jar -configuration c:\Users\Agustin\AppData\Roaming\Code\User\globalStorage\redhat.java\1.28.1\config_ss_win -data c:\Users\Agustin\AppData\Roaming\Code\User\workspaceStorage\beac248b4a49fbf7b748769c68b6370d\redhat.java\ss_ws --stdio

Host: 11th Gen Intel(R) Core(TM) i5-11400H @ 2.70GHz, 12 cores, 7G,  Windows 11 , 64 bit Build 22621 (10.0.22621.3085)
Time: Thu Mar 21 11:44:04 2024 SE Asia Standard Time elapsed time: 0.189131 seconds (0d 0h 0m 0s)

---------------  T H R E A D  ---------------

Current thread (0x000002c8762c6b80):  JavaThread "main" [_thread_in_vm, id=1448, stack(0x000000fd0f800000,0x000000fd0f900000)]

Stack: [0x000000fd0f800000,0x000000fd0f900000]
Native frames: (J=compiled Java code, j=interpreted, Vv=VM code, C=native code)
V  [jvm.dll+0x67d2c9]
V  [jvm.dll+0x834afa]
V  [jvm.dll+0x8365be]
V  [jvm.dll+0x836c23]
V  [jvm.dll+0x2477ff]
V  [jvm.dll+0x8307bb]
V  [jvm.dll+0x621d16]
V  [jvm.dll+0x621d7a]
V  [jvm.dll+0x6245aa]
V  [jvm.dll+0x6226b6]
V  [jvm.dll+0x23bd4f]
V  [jvm.dll+0x62c565]
V  [jvm.dll+0x1eb80b]
V  [jvm.dll+0x1ebd45]
V  [jvm.dll+0x1ec800]
V  [jvm.dll+0x1e1c01]
V  [jvm.dll+0x5427ce]
V  [jvm.dll+0x1f2647]
V  [jvm.dll+0x7adf9b]
V  [jvm.dll+0x7af36c]
V  [jvm.dll+0x7af6b8]
V  [jvm.dll+0x23face]
V  [jvm.dll+0x23fd1f]
V  [jvm.dll+0x560aa8]
V  [jvm.dll+0x5639a7]
V  [jvm.dll+0x386672]
V  [jvm.dll+0x385cdf]
C  0x000002c807549ca3

The last pc belongs to invokestatic (printed below).
Java frames: (J=compiled Java code, j=interpreted, Vv=VM code)
j  sun.nio.fs.WindowsFileAttributes.get(Lsun/nio/fs/WindowsPath;Z)Lsun/nio/fs/WindowsFileAttributes;+26 java.base@17.0.10
j  sun.nio.fs.WindowsFileAttributeViews$Basic.readAttributes()Lsun/nio/fs/WindowsFileAttributes;+15 java.base@17.0.10
j  sun.nio.fs.WindowsFileAttributeViews$Basic.readAttributes()Ljava/nio/file/attribute/BasicFileAttributes;+1 java.base@17.0.10
j  sun.nio.fs.WindowsFileSystemProvider.readAttributes(Ljava/nio/file/Path;Ljava/lang/Class;[Ljava/nio/file/LinkOption;)Ljava/nio/file/attribute/BasicFileAttributes;+57 java.base@17.0.10
j  java.nio.file.Files.readAttributes(Ljava/nio/file/Path;Ljava/lang/Class;[Ljava/nio/file/LinkOption;)Ljava/nio/file/attribute/BasicFileAttributes;+7 java.base@17.0.10
j  java.util.zip.ZipFile$Source.get(Ljava/io/File;ZLjava/util/zip/ZipCoder;)Ljava/util/zip/ZipFile$Source;+15 java.base@17.0.10
j  java.util.zip.ZipFile$CleanableResource.<init>(Ljava/util/zip/ZipFile;Ljava/util/zip/ZipCoder;Ljava/io/File;I)V+56 java.base@17.0.10
j  java.util.zip.ZipFile.<init>(Ljava/io/File;ILjava/nio/charset/Charset;)V+123 java.base@17.0.10
j  java.util.zip.ZipFile.<init>(Ljava/io/File;I)V+6 java.base@17.0.10
j  java.util.jar.JarFile.<init>(Ljava/io/File;ZILjava/lang/Runtime$Version;)V+3 java.base@17.0.10
j  jdk.internal.loader.URLClassPath$JarLoader.getJarFile(Ljava/net/URL;)Ljava/util/jar/JarFile;+56 java.base@17.0.10
j  jdk.internal.loader.URLClassPath$JarLoader$1.run()Ljava/lang/Void;+55 java.base@17.0.10
j  jdk.internal.loader.URLClassPath$JarLoader$1.run()Ljava/lang/Object;+1 java.base@17.0.10
j  java.security.AccessController.executePrivileged(Ljava/security/PrivilegedExceptionAction;Ljava/security/AccessControlContext;Ljava/lang/Class;)Ljava/lang/Object;+29 java.base@17.0.10
j  java.security.AccessController.doPrivileged(Ljava/security/PrivilegedExceptionAction;Ljava/security/AccessControlContext;)Ljava/lang/Object;+13 java.base@17.0.10
j  jdk.internal.loader.URLClassPath$JarLoader.ensureOpen()V+19 java.base@17.0.10
j  jdk.internal.loader.URLClassPath$JarLoader.<init>(Ljava/net/URL;Ljava/net/URLStreamHandler;Ljava/util/HashMap;Ljava/security/AccessControlContext;)V+63 java.base@17.0.10
j  jdk.internal.loader.URLClassPath$3.run()Ljdk/internal/loader/URLClassPath$Loader;+168 java.base@17.0.10
j  jdk.internal.loader.URLClassPath$3.run()Ljava/lang/Object;+1 java.base@17.0.10
j  java.security.AccessController.executePrivileged(Ljava/security/PrivilegedExceptionAction;Ljava/security/AccessControlContext;Ljava/lang/Class;)Ljava/lang/Object;+29 java.base@17.0.10
j  java.security.AccessController.doPrivileged(Ljava/security/PrivilegedExceptionAction;Ljava/security/AccessControlContext;)Ljava/lang/Object;+13 java.base@17.0.10
j  jdk.internal.loader.URLClassPath.getLoader(Ljava/net/URL;)Ljdk/internal/loader/URLClassPath$Loader;+13 java.base@17.0.10
j  jdk.internal.loader.URLClassPath.getLoader(I)Ljdk/internal/loader/URLClassPath$Loader;+81 java.base@17.0.10
j  jdk.internal.loader.URLClassPath.getResource(Ljava/lang/String;Z)Ljdk/internal/loader/Resource;+42 java.base@17.0.10
j  jdk.internal.loader.BuiltinClassLoader.findClassOnClassPathOrNull(Ljava/lang/String;)Ljava/lang/Class;+26 java.base@17.0.10
j  jdk.internal.loader.BuiltinClassLoader.loadClassOrNull(Ljava/lang/String;Z)Ljava/lang/Class;+111 java.base@17.0.10
j  jdk.internal.loader.BuiltinClassLoader.loadClass(Ljava/lang/String;Z)Ljava/lang/Class;+3 java.base@17.0.10
j  jdk.internal.loader.ClassLoaders$AppClassLoader.loadClass(Ljava/lang/String;Z)Ljava/lang/Class;+36 java.base@17.0.10
j  java.lang.ClassLoader.loadClass(Ljava/lang/String;)Ljava/lang/Class;+3 java.base@17.0.10
j  sun.instrument.InstrumentationImpl.loadClassAndStartAgent(Ljava/lang/String;Ljava/lang/String;Ljava/lang/String;)V+8 java.instrument@17.0.10
j  sun.instrument.InstrumentationImpl.loadClassAndCallPremain(Ljava/lang/String;Ljava/lang/String;)V+6 java.instrument@17.0.10
v  ~StubRoutines::call_stub
invokestatic  184 invokestatic  [0x000002c807549c00, 0x000002c807549ec0]  704 bytes
[MachCode]
  0x000002c807549c00: 4883 ec08 | c5fa 1104 | 24eb 1f48 | 83ec 10c5 | fb11 0424 | eb14 4883 | ec10 4889 | 0424 48c7 
  0x000002c807549c20: 4424 0800 | 0000 00eb | 0150 4c89 | 6dc0 410f | b755 0148 | 8b4d d0c1 | e202 8b5c | d120 c1eb 
  0x000002c807549c40: 1081 e3ff | 0000 0081 | fbb8 0000 | 000f 84b6 | 0000 00bb | b800 0000 | e805 0000 | 00e9 9b00 
  0x000002c807549c60: 0000 488b | d348 8d44 | 2408 4c89 | 6dc0 498b | cfc5 f877 | 4989 afa8 | 0200 0049 | 8987 9802 
  0x000002c807549c80: 0000 4883 | ec20 f7c4 | 0f00 0000 | 0f84 1a00 | 0000 4883 | ec08 49ba | 705c 72ee | ff7f 0000 
  0x000002c807549ca0: 41ff d248 | 83c4 08e9 | 0d00 0000 | 49ba 705c | 72ee ff7f | 0000 41ff | d248 83c4 | 2049 c787 
  0x000002c807549cc0: 9802 0000 | 0000 0000 | 49c7 87a8 | 0200 0000 | 0000 0049 | c787 a002 | 0000 0000 | 0000 c5f8 
  0x000002c807549ce0: 7749 817f | 0800 0000 | 000f 8405 | 0000 00e9 | 0c72 feff | 4c8b 6dc0 | 4c8b 75c8 | c341 0fb7 
  0x000002c807549d00: 5501 488b | 4dd0 c1e2 | 0248 8b5c | d128 488b | 5b08 488b | 5b08 488b | 5b18 80bb | 3301 0000 
  0x000002c807549d20: 040f 840d | 0000 004c | 3bbb 3801 | 0000 0f85 | 1fff ffff | 488b 5cd1 | 288b 54d1 | 38c1 ea1c 
  0x000002c807549d40: 49ba a060 | f4ee ff7f | 0000 498b | 14d2 5248 | 8b45 d848 | 85c0 0f84 | 1200 0000 | 4883 4008 
  0x000002c807549d60: 0148 8358 | 0800 4883 | c010 4889 | 45d8 488b | 45d8 4885 | c00f 8423 | 0100 0080 | 78f0 0a0f 
  0x000002c807549d80: 8519 0100 | 0048 83c0 | 084c 8b68 | f841 83ed | 0041 83fd | 020f 8cf8 | 0000 004c | 8b6b 0845 
  0x000002c807549da0: 0fb7 6d2c | 4c2b 2841 | 83ed 014e | 8b6c ec08 | 4d85 ed75 | 0748 8348 | 0801 eb4a | 458b 6d08 
  0x000002c807549dc0: 49c1 e503 | 4c33 6808 | 49f7 c5fc | ffff ff74 | 3549 f7c5 | 0200 0000 | 752c 4881 | 7808 0000 
  0x000002c807549de0: 0000 741e | 4881 7808 | 0100 0000 | 7414 4c33 | 6808 49f7 | c5fc ffff | ff74 0b48 | 8348 0802 
  0x000002c807549e00: eb04 4c89 | 6808 4883 | c010 4c8b | 68e8 4183 | ed02 4183 | fd02 0f8c | 7700 0000 | 4c8b 6b08 
  0x000002c807549e20: 450f b76d | 2c4c 2b28 | 4183 ed01 | 4e8b 6cec | 084d 85ed | 7507 4883 | 4808 01eb | 4a45 8b6d 
  0x000002c807549e40: 0849 c1e5 | 034c 3368 | 0849 f7c5 | fcff ffff | 7435 49f7 | c502 0000 | 0075 2c48 | 8178 0800 
  0x000002c807549e60: 0000 0074 | 1e48 8178 | 0801 0000 | 0074 144c | 3368 0849 | f7c5 fcff | ffff 740b | 4883 4808 
  0x000002c807549e80: 02eb 044c | 8968 0848 | 83c0 104c | 8b68 d841 | 83ed 0441 | c1e5 0349 | 03c5 4889 | 45d8 4c8d 
  0x000002c807549ea0: 6c24 084c | 896d f0ff | 6350 660f | 1f44 0000 | 0000 0000 | 0000 0000 | 0000 0000 | 0000 0000 
[/MachCode]

---------------  P R O C E S S  ---------------

Threads class SMR info:
_java_thread_list=0x000002c81422de30, length=11, elements={
0x000002c8762c6b80, 0x000002c876368f80, 0x000002c876369a50, 0x000002c87636dff0,
0x000002c87636e9c0, 0x000002c8140b9c30, 0x000002c8140bc5b0, 0x000002c8140bf700,
0x000002c8140cefa0, 0x000002c8140d0090, 0x000002c814192a80
}

Java Threads: ( => current thread )
=>0x000002c8762c6b80 JavaThread "main" [_thread_in_vm, id=1448, stack(0x000000fd0f800000,0x000000fd0f900000)]
  0x000002c876368f80 JavaThread "Reference Handler" daemon [_thread_blocked, id=3544, stack(0x000000fd0fb00000,0x000000fd0fc00000)]
  0x000002c876369a50 JavaThread "Finalizer" daemon [_thread_blocked, id=15868, stack(0x000000fd0fc00000,0x000000fd0fd00000)]
  0x000002c87636dff0 JavaThread "Signal Dispatcher" daemon [_thread_blocked, id=25176, stack(0x000000fd0fd00000,0x000000fd0fe00000)]
  0x000002c87636e9c0 JavaThread "Attach Listener" daemon [_thread_blocked, id=14624, stack(0x000000fd0fe00000,0x000000fd0ff00000)]
  0x000002c8140b9c30 JavaThread "Service Thread" daemon [_thread_blocked, id=1260, stack(0x000000fd0ff00000,0x000000fd10000000)]
  0x000002c8140bc5b0 JavaThread "Monitor Deflation Thread" daemon [_thread_blocked, id=23108, stack(0x000000fd10000000,0x000000fd10100000)]
  0x000002c8140bf700 JavaThread "C2 CompilerThread0" daemon [_thread_blocked, id=21992, stack(0x000000fd10100000,0x000000fd10200000)]
  0x000002c8140cefa0 JavaThread "C1 CompilerThread0" daemon [_thread_blocked, id=19828, stack(0x000000fd10200000,0x000000fd10300000)]
  0x000002c8140d0090 JavaThread "Sweeper thread" daemon [_thread_blocked, id=19124, stack(0x000000fd10300000,0x000000fd10400000)]
  0x000002c814192a80 JavaThread "Common-Cleaner" daemon [_thread_blocked, id=1636, stack(0x000000fd10400000,0x000000fd10500000)]

Other Threads:
  0x000002c814094870 VMThread "VM Thread" [stack: 0x000000fd0fa00000,0x000000fd0fb00000] [id=23288]
  0x000002c8762dc670 GCTaskThread "GC Thread#0" [stack: 0x000000fd0f900000,0x000000fd0fa00000] [id=13276]

Threads with active compile tasks:

VM state: not at safepoint (normal execution)

VM Mutex/Monitor currently owned by a thread:  ([mutex/lock_event])
[0x000002c8762c1390] Metaspace_lock - owner thread: 0x000002c8762c6b80

Heap address: 0x00000000c0000000, size: 1024 MB, Compressed Oops mode: 32-bit

CDS archive(s) not mapped
Compressed class space mapped at: 0x0000000100000000-0x0000000140000000, reserved size: 1073741824
Narrow klass base: 0x0000000000000000, Narrow klass shift: 3, Narrow klass range: 0x140000000

GC Precious Log:
 CPUs: 12 total, 12 available
 Memory: 7971M
 Large Page Support: Disabled
 NUMA Support: Disabled
 Compressed Oops: Enabled (32-bit)
 Alignments: Space 512K, Generation 512K, Heap 2M
 Heap Min Capacity: 100M
 Heap Initial Capacity: 100M
 Heap Max Capacity: 1G
 Pre-touch: Disabled
 Parallel Workers: 10

Heap:
 PSYoungGen      total 29696K, used 2560K [0x00000000eab00000, 0x00000000ecc00000, 0x0000000100000000)
  eden space 25600K, 10% used [0x00000000eab00000,0x00000000ead801e8,0x00000000ec400000)
  from space 4096K, 0% used [0x00000000ec800000,0x00000000ec800000,0x00000000ecc00000)
  to   space 4096K, 0% used [0x00000000ec400000,0x00000000ec400000,0x00000000ec800000)
 ParOldGen       total 68608K, used 0K [0x00000000c0000000, 0x00000000c4300000, 0x00000000eab00000)
  object space 68608K, 0% used [0x00000000c0000000,0x00000000c0000000,0x00000000c4300000)
 Metaspace       used 4946K, committed 5056K, reserved 1114112K
  class space    used 463K, committed 512K, reserved 1048576K

Card table byte_map: [0x000002c875c70000,0x000002c875e80000] _byte_map_base: 0x000002c875670000

Marking Bits: (ParMarkBitMap*) 0x00007fffeef3d7d0
 Begin Bits: [0x000002c878f50000, 0x000002c879f50000)
 End Bits:   [0x000002c879f50000, 0x000002c87af50000)

Polling page: 0x000002c874240000

Metaspace:

Usage:
  Non-class:      4.38 MB used.
      Class:    463.97 KB used.
       Both:      4.83 MB used.

Virtual space:
  Non-class space:       64.00 MB reserved,       4.44 MB (  7%) committed,  1 nodes.
      Class space:        1.00 GB reserved,     512.00 KB ( <1%) committed,  1 nodes.
             Both:        1.06 GB reserved,       4.94 MB ( <1%) committed. 

Chunk freelists:
   Non-Class:  11.00 MB
       Class:  15.53 MB
        Both:  26.52 MB

MaxMetaspaceSize: unlimited
CompressedClassSpaceSize: 1.00 GB
Initial GC threshold: 21.00 MB
Current GC threshold: 21.00 MB
CDS: off
MetaspaceReclaimPolicy: balanced
 - commit_granule_bytes: 65536.
 - commit_granule_words: 8192.
 - virtual_space_node_default_size: 8388608.
 - enlarge_chunks_in_place: 1.
 - new_chunks_are_fully_committed: 0.
 - uncommit_free_chunks: 1.
 - use_allocation_guard: 0.
 - handle_deallocations: 1.


Internal statistics:

num_allocs_failed_limit: 0.
num_arena_births: 6.
num_arena_deaths: 0.
num_vsnodes_births: 2.
num_vsnodes_deaths: 0.
num_space_committed: 79.
num_space_uncommitted: 0.
num_chunks_returned_to_freelist: 0.
num_chunks_taken_from_freelist: 11.
num_chunk_merges: 0.
num_chunk_splits: 5.
num_chunks_enlarged: 2.
num_inconsistent_stats: 0.

CodeHeap 'non-profiled nmethods': size=120000Kb used=60Kb max_used=60Kb free=119939Kb
 bounds [0x000002c807ad0000, 0x000002c807d40000, 0x000002c80f000000]
CodeHeap 'profiled nmethods': size=120000Kb used=215Kb max_used=215Kb free=119784Kb
 bounds [0x000002c800000000, 0x000002c800270000, 0x000002c807530000]
CodeHeap 'non-nmethods': size=5760Kb used=1083Kb max_used=1093Kb free=4676Kb
 bounds [0x000002c807530000, 0x000002c8077a0000, 0x000002c807ad0000]
 total_blobs=540 nmethods=196 adapters=259
 compilation: enabled
              stopped_count=0, restarted_count=0
 full_count=0

Compilation events (20 events):
Event: 0.167 Thread 0x000002c8140cefa0 nmethod 187 0x000002c807add390 code [0x000002c807add520, 0x000002c807add5f8]
Event: 0.167 Thread 0x000002c8140cefa0  188       3       jdk.internal.org.objectweb.asm.SymbolTable::addConstantUtf8 (98 bytes)
Event: 0.168 Thread 0x000002c8140cefa0 nmethod 188 0x000002c800030f90 code [0x000002c8000311c0, 0x000002c8000317b8]
Event: 0.168 Thread 0x000002c8140cefa0  190       3       java.lang.StringLatin1::replace (198 bytes)
Event: 0.169 Thread 0x000002c8140cefa0 nmethod 190 0x000002c800031b10 code [0x000002c800031da0, 0x000002c800032b78]
Event: 0.169 Thread 0x000002c8140cefa0  191       3       java.lang.String::substring (58 bytes)
Event: 0.169 Thread 0x000002c8140cefa0 nmethod 191 0x000002c800033090 code [0x000002c800033280, 0x000002c800033728]
Event: 0.169 Thread 0x000002c8140cefa0  192       3       java.lang.String::checkBoundsBeginEnd (63 bytes)
Event: 0.169 Thread 0x000002c8140cefa0 nmethod 192 0x000002c800033910 code [0x000002c800033ba0, 0x000002c800034478]
Event: 0.171 Thread 0x000002c8140bf700 nmethod 172 0x000002c807adda90 code [0x000002c807addc80, 0x000002c807ade408]
Event: 0.171 Thread 0x000002c8140bf700  173       4       java.util.HashMap::newNode (13 bytes)
Event: 0.172 Thread 0x000002c8140bf700 nmethod 173 0x000002c807adea10 code [0x000002c807adeba0, 0x000002c807adecb8]
Event: 0.177 Thread 0x000002c8140bf700  193       4       java.lang.String::charAt (25 bytes)
Event: 0.177 Thread 0x000002c8140cefa0  194       3       java.lang.AbstractStringBuilder::append (77 bytes)
Event: 0.178 Thread 0x000002c8140cefa0 nmethod 194 0x000002c800034810 code [0x000002c800034a20, 0x000002c8000350a8]
Event: 0.178 Thread 0x000002c8140bf700 nmethod 193 0x000002c807aded90 code [0x000002c807adef00, 0x000002c807adefd8]
Event: 0.179 Thread 0x000002c8140cefa0  195       3       java.io.WinNTFileSystem::isSlash (18 bytes)
Event: 0.179 Thread 0x000002c8140cefa0 nmethod 195 0x000002c800035310 code [0x000002c8000354a0, 0x000002c800035638]
Event: 0.182 Thread 0x000002c8140cefa0  196       3       java.lang.String::indexOf (7 bytes)
Event: 0.182 Thread 0x000002c8140cefa0 nmethod 196 0x000002c800035710 code [0x000002c8000358e0, 0x000002c800035bf8]

GC Heap History (0 events):
No events

Dll operation events (3 events):
Event: 0.038 Loaded shared library c:\Users\Agustin\.vscode\extensions\redhat.java-1.28.1-win32-x64\jre\17.0.10-win32-x86_64\bin\java.dll
Event: 0.170 Loaded shared library c:\Users\Agustin\.vscode\extensions\redhat.java-1.28.1-win32-x64\jre\17.0.10-win32-x86_64\bin\zip.dll
Event: 0.174 Loaded shared library C:\Users\Agustin\.vscode\extensions\redhat.java-1.28.1-win32-x64\jre\17.0.10-win32-x86_64\bin\instrument.dll

Deoptimization events (0 events):
No events

Classes unloaded (0 events):
No events

Classes redefined (0 events):
No events

Internal exceptions (1 events):
Event: 0.146 Thread 0x000002c8762c6b80 Exception <a 'java/lang/NoSuchMethodError'{0x00000000eacb5068}: 'void java.lang.invoke.DirectMethodHandle$Holder.invokeStatic(java.lang.Object, java.lang.Object, java.lang.Object)'> (0x00000000eacb5068) 
thrown [s\src\hotspot\share\interpreter\linkResolver.cpp, line 759]

VM Operations (2 events):
Event: 0.152 Executing VM operation: HandshakeAllThreads
Event: 0.152 Executing VM operation: HandshakeAllThreads done

Events (20 events):
Event: 0.185 loading class sun/nio/fs/NativeBuffers done
Event: 0.185 loading class sun/nio/fs/NativeBuffers$1
Event: 0.185 loading class jdk/internal/misc/TerminatingThreadLocal
Event: 0.185 loading class jdk/internal/misc/TerminatingThreadLocal done
Event: 0.185 loading class sun/nio/fs/NativeBuffers$1 done
Event: 0.185 loading class jdk/internal/misc/TerminatingThreadLocal$1
Event: 0.185 loading class jdk/internal/misc/TerminatingThreadLocal$1 done
Event: 0.185 loading class java/lang/ThreadLocal$ThreadLocalMap
Event: 0.185 loading class java/lang/ThreadLocal$ThreadLocalMap done
Event: 0.185 loading class java/lang/ThreadLocal$ThreadLocalMap$Entry
Event: 0.185 loading class java/lang/ThreadLocal$ThreadLocalMap$Entry done
Event: 0.185 loading class java/util/IdentityHashMap
Event: 0.186 loading class java/util/IdentityHashMap done
Event: 0.186 loading class java/util/IdentityHashMap$KeySet
Event: 0.186 loading class java/util/IdentityHashMap$KeySet done
Event: 0.186 loading class sun/nio/fs/NativeBuffer
Event: 0.186 loading class sun/nio/fs/NativeBuffer done
Event: 0.186 loading class sun/nio/fs/NativeBuffer$Deallocator
Event: 0.186 loading class sun/nio/fs/NativeBuffer$Deallocator done
Event: 0.186 loading class sun/nio/fs/WindowsNativeDispatcher


Dynamic libraries:
0x00007ff6d2570000 - 0x00007ff6d257e000 	c:\Users\Agustin\.vscode\extensions\redhat.java-1.28.1-win32-x64\jre\17.0.10-win32-x86_64\bin\java.exe
0x00007ff83c230000 - 0x00007ff83c447000 	C:\WINDOWS\SYSTEM32\ntdll.dll
0x00007ff83af00000 - 0x00007ff83afc4000 	C:\WINDOWS\System32\KERNEL32.DLL
0x00007ff8397b0000 - 0x00007ff839b56000 	C:\WINDOWS\System32\KERNELBASE.dll
0x00007ff839610000 - 0x00007ff839721000 	C:\WINDOWS\System32\ucrtbase.dll
0x00007ff82fa30000 - 0x00007ff82fa47000 	c:\Users\Agustin\.vscode\extensions\redhat.java-1.28.1-win32-x64\jre\17.0.10-win32-x86_64\bin\jli.dll
0x00007ff828b30000 - 0x00007ff828b4b000 	c:\Users\Agustin\.vscode\extensions\redhat.java-1.28.1-win32-x64\jre\17.0.10-win32-x86_64\bin\VCRUNTIME140.dll
0x00007ff83a8f0000 - 0x00007ff83aa9e000 	C:\WINDOWS\System32\USER32.dll
0x00007ff839df0000 - 0x00007ff839e16000 	C:\WINDOWS\System32\win32u.dll
0x00007ff83a040000 - 0x00007ff83a069000 	C:\WINDOWS\System32\GDI32.dll
0x00007ff839b60000 - 0x00007ff839c78000 	C:\WINDOWS\System32\gdi32full.dll
0x00007ff839570000 - 0x00007ff83960a000 	C:\WINDOWS\System32\msvcp_win.dll
0x00007ff823c30000 - 0x00007ff823ec3000 	C:\WINDOWS\WinSxS\amd64_microsoft.windows.common-controls_6595b64144ccf1df_6.0.22621.2506_none_270c5ae97388e100\COMCTL32.dll
0x00007ff83b1c0000 - 0x00007ff83b267000 	C:\WINDOWS\System32\msvcrt.dll
0x00007ff83aab0000 - 0x00007ff83aae1000 	C:\WINDOWS\System32\IMM32.DLL
0x00007ff8310e0000 - 0x00007ff8310ec000 	c:\Users\Agustin\.vscode\extensions\redhat.java-1.28.1-win32-x64\jre\17.0.10-win32-x86_64\bin\vcruntime140_1.dll
0x00007ff80e3b0000 - 0x00007ff80e43d000 	c:\Users\Agustin\.vscode\extensions\redhat.java-1.28.1-win32-x64\jre\17.0.10-win32-x86_64\bin\msvcp140.dll
0x00007fffee3a0000 - 0x00007fffef002000 	c:\Users\Agustin\.vscode\extensions\redhat.java-1.28.1-win32-x64\jre\17.0.10-win32-x86_64\bin\server\jvm.dll
0x00007ff839f80000 - 0x00007ff83a033000 	C:\WINDOWS\System32\ADVAPI32.dll
0x00007ff83a820000 - 0x00007ff83a8c8000 	C:\WINDOWS\System32\sechost.dll
0x00007ff839e90000 - 0x00007ff839eb8000 	C:\WINDOWS\System32\bcrypt.dll
0x00007ff83a670000 - 0x00007ff83a787000 	C:\WINDOWS\System32\RPCRT4.dll
0x00007ff8383c0000 - 0x00007ff83840d000 	C:\WINDOWS\SYSTEM32\POWRPROF.dll
0x00007ff82f920000 - 0x00007ff82f954000 	C:\WINDOWS\SYSTEM32\WINMM.dll
0x00007ff821a80000 - 0x00007ff821a89000 	C:\WINDOWS\SYSTEM32\WSOCK32.dll
0x00007ff82e970000 - 0x00007ff82e97a000 	C:\WINDOWS\SYSTEM32\VERSION.dll
0x00007ff83c170000 - 0x00007ff83c1e1000 	C:\WINDOWS\System32\WS2_32.dll
0x00007ff8383a0000 - 0x00007ff8383b3000 	C:\WINDOWS\SYSTEM32\UMPDC.dll
0x00007ff838660000 - 0x00007ff838678000 	C:\WINDOWS\SYSTEM32\kernel.appcore.dll
0x00007ff82fd70000 - 0x00007ff82fd7a000 	c:\Users\Agustin\.vscode\extensions\redhat.java-1.28.1-win32-x64\jre\17.0.10-win32-x86_64\bin\jimage.dll
0x00007ff836ea0000 - 0x00007ff8370d3000 	C:\WINDOWS\SYSTEM32\DBGHELP.DLL
0x00007ff83a2e0000 - 0x00007ff83a669000 	C:\WINDOWS\System32\combase.dll
0x00007ff83b030000 - 0x00007ff83b107000 	C:\WINDOWS\System32\OLEAUT32.dll
0x00007ff81f990000 - 0x00007ff81f9c2000 	C:\WINDOWS\SYSTEM32\dbgcore.DLL
0x00007ff839730000 - 0x00007ff8397aa000 	C:\WINDOWS\System32\bcryptPrimitives.dll
0x00007ff829040000 - 0x00007ff82904e000 	c:\Users\Agustin\.vscode\extensions\redhat.java-1.28.1-win32-x64\jre\17.0.10-win32-x86_64\bin\instrument.dll
0x00007ff8272f0000 - 0x00007ff827315000 	c:\Users\Agustin\.vscode\extensions\redhat.java-1.28.1-win32-x64\jre\17.0.10-win32-x86_64\bin\java.dll
0x00007ff828f20000 - 0x00007ff828f38000 	c:\Users\Agustin\.vscode\extensions\redhat.java-1.28.1-win32-x64\jre\17.0.10-win32-x86_64\bin\zip.dll
0x00007ff83b490000 - 0x00007ff83bceb000 	C:\WINDOWS\System32\SHELL32.dll
0x00007ff837490000 - 0x00007ff837d86000 	C:\WINDOWS\SYSTEM32\windows.storage.dll
0x00007ff837350000 - 0x00007ff83748e000 	C:\WINDOWS\SYSTEM32\wintypes.dll
0x00007ff83aaf0000 - 0x00007ff83abe3000 	C:\WINDOWS\System32\SHCORE.dll
0x00007ff83b430000 - 0x00007ff83b48e000 	C:\WINDOWS\System32\shlwapi.dll
0x00007ff8394a0000 - 0x00007ff8394c6000 	C:\WINDOWS\SYSTEM32\profapi.dll

dbghelp: loaded successfully - version: 4.0.5 - missing functions: none
symbol engine: initialized successfully - sym options: 0x614 - pdb path: .;c:\Users\Agustin\.vscode\extensions\redhat.java-1.28.1-win32-x64\jre\17.0.10-win32-x86_64\bin;C:\WINDOWS\SYSTEM32;C:\WINDOWS\WinSxS\amd64_microsoft.windows.common-controls_6595b64144ccf1df_6.0.22621.2506_none_270c5ae97388e100;c:\Users\Agustin\.vscode\extensions\redhat.java-1.28.1-win32-x64\jre\17.0.10-win32-x86_64\bin\server

VM Arguments:
jvm_args: --add-modules=ALL-SYSTEM --add-opens=java.base/java.util=ALL-UNNAMED --add-opens=java.base/java.lang=ALL-UNNAMED --add-opens=java.base/sun.nio.fs=ALL-UNNAMED -Declipse.application=org.eclipse.jdt.ls.core.id1 -Dosgi.bundles.defaultStartLevel=4 -Declipse.product=org.eclipse.jdt.ls.core.product -Djava.import.generatesMetadataFilesAtProjectRoot=false -DDetectVMInstallationsJob.disabled=true -Dfile.encoding=utf8 -XX:+UseParallelGC -XX:GCTimeRatio=4 -XX:AdaptiveSizePolicyWeight=90 -Dsun.zip.disableMemoryMapping=true -Xmx1G -Xms100m -Xlog:disable -javaagent:c:\Users\Agustin\.vscode\extensions\redhat.java-1.28.1-win32-x64\lombok\lombok-1.18.31.jar 
java_command: c:\Users\Agustin\.vscode\extensions\redhat.java-1.28.1-win32-x64\server\plugins\org.eclipse.equinox.launcher_1.6.700.v20231214-2017.jar -configuration c:\Users\Agustin\AppData\Roaming\Code\User\globalStorage\redhat.java\1.28.1\config_ss_win -data c:\Users\Agustin\AppData\Roaming\Code\User\workspaceStorage\beac248b4a49fbf7b748769c68b6370d\redhat.java\ss_ws --stdio
java_class_path (initial): c:\Users\Agustin\.vscode\extensions\redhat.java-1.28.1-win32-x64\server\plugins\org.eclipse.equinox.launcher_1.6.700.v20231214-2017.jar
Launcher Type: SUN_STANDARD

[Global flags]
    uintx AdaptiveSizePolicyWeight                 = 90                                        {product} {command line}
     intx CICompilerCount                          = 4                                         {product} {ergonomic}
    uintx GCTimeRatio                              = 4                                         {product} {command line}
   size_t InitialHeapSize                          = 104857600                                 {product} {command line}
   size_t MaxHeapSize                              = 1073741824                                {product} {command line}
   size_t MaxNewSize                               = 357564416                                 {product} {ergonomic}
   size_t MinHeapDeltaBytes                        = 524288                                    {product} {ergonomic}
   size_t MinHeapSize                              = 104857600                                 {product} {command line}
   size_t NewSize                                  = 34603008                                  {product} {ergonomic}
    uintx NonNMethodCodeHeapSize                   = 5839372                                {pd product} {ergonomic}
    uintx NonProfiledCodeHeapSize                  = 122909434                              {pd product} {ergonomic}
   size_t OldSize                                  = 70254592                                  {product} {ergonomic}
    uintx ProfiledCodeHeapSize                     = 122909434                              {pd product} {ergonomic}
    uintx ReservedCodeCacheSize                    = 251658240                              {pd product} {ergonomic}
     bool SegmentedCodeCache                       = true                                      {product} {ergonomic}
   size_t SoftMaxHeapSize                          = 1073741824                             {manageable} {ergonomic}
     bool UseCompressedClassPointers               = true                           {product lp64_product} {ergonomic}
     bool UseCompressedOops                        = true                           {product lp64_product} {ergonomic}
     bool UseLargePagesIndividualAllocation        = false                                  {pd product} {ergonomic}
     bool UseParallelGC                            = true                                      {product} {command line}

Logging:
Log output configuration:
 #0: stdout all=off uptime,level,tags
 #1: stderr all=off uptime,level,tags

Environment Variables:
JAVA_HOME=C:\Program Files\Java\jdk-18.0.2.1
PATH=C:\Program Files (x86)\Common Files\Intel\Shared Libraries\redist\intel64\compiler;C:\Program Files\Common Files\Oracle\Java\javapath;C:\Windows\system32;C:\Windows;C:\Windows\System32\Wbem;C:\Windows\System32\WindowsPowerShell\v1.0\;C:\Windows\System32\OpenSSH\;C:\Program Files (x86)\NVIDIA Corporation\PhysX\Common;C:\Program Files\NVIDIA Corporation\NVIDIA NvDLISR;C:\Program Files\dotnet\;C:\Program Files\PuTTY\;C:\xampp\php;C:\Program Files\Java\jdk-18.0.2.1\bin;C:\xampp\htdocs\jwt-php-native;C:\Program Files\Git\cmd;C:\wamp64\bin\php\php8.1.0;C:\WINDOWS\system32;C:\WINDOWS;C:\WINDOWS\System32\Wbem;C:\WINDOWS\System32\WindowsPowerShell\v1.0\;C:\WINDOWS\System32\OpenSSH\;C:\Program Files\nodejs\;C:\wamp64\bin\php\php8.3.0;C:\ProgramData\ComposerSetup\bin;C:\Users\Agustin\AppData\Local\Programs\Python\Python310\Scripts\;C:\Users\Agustin\AppData\Local\Programs\Python\Python310\;C:\Users\Agustin\AppData\Local\Microsoft\WindowsApps;C:\Users\Agustin\.dotnet\tools;C:\ProgramData\Agustin\GitHubDesktop\bin;C:\wamp64\bin\php\php8.1.0;C:\Users\Agustin\AppData\Roaming\Composer\vendor\bin;C:\Users\Agustin\AppData\Roaming\npm;C:\Users\Agustin\AppData\Local\Programs\Microsoft VS Code\bin;C:\Users\Agustin\AppData\Local\GitHubDesktop\bin
USERNAME=Agustin
OS=Windows_NT
PROCESSOR_IDENTIFIER=Intel64 Family 6 Model 141 Stepping 1, GenuineIntel
TMP=C:\Users\Agustin\AppData\Local\Temp
TEMP=C:\Users\Agustin\AppData\Local\Temp



Periodic native trim disabled


---------------  S Y S T E M  ---------------

OS:
 Windows 11 , 64 bit Build 22621 (10.0.22621.3085)
OS uptime: 7 days 3:08 hours
Hyper-V role detected

CPU: total 12 (initial active 12) (6 cores per cpu, 2 threads per core) family 6 model 141 stepping 1 microcode 0x3c, cx8, cmov, fxsr, ht, mmx, 3dnowpref, sse, sse2, sse3, ssse3, sse4.1, sse4.2, popcnt, lzcnt, tsc, tscinvbit, avx, avx2, aes, erms, clmul, bmi1, bmi2, adx, avx512f, avx512dq, avx512cd, avx512bw, avx512vl, sha, fma, vzeroupper, avx512_vpopcntdq, avx512_vpclmulqdq, avx512_vaes, avx512_vnni, clflush, clflushopt, clwb, avx512_vbmi2, avx512_vbmi, hv
Processor Information for all 12 processors :
  Max Mhz: 2688, Current Mhz: 2688, Mhz Limit: 2688

Memory: 4k page, system-wide physical 7971M (299M free)
TotalPageFile size 32547M (AvailPageFile size 12M)
current process WorkingSet (physical memory assigned to process): 32M, peak: 32M
current process commit charge ("private bytes"): 191M, peak: 191M

vm_info: OpenJDK 64-Bit Server VM (17.0.10+7) for windows-amd64 JRE (17.0.10+7), built on Jan 16 2024 23:25:11 by "admin" with MS VC++ 16.10 / 16.11 (VS2019)

END.
