#
# There is insufficient memory for the Java Runtime Environment to continue.
# Native memory allocation (malloc) failed to allocate 630096 bytes for Chunk::new
# Possible reasons:
#   The system is out of physical RAM or swap space
#   The process is running with CompressedOops enabled, and the Java Heap may be blocking the growth of the native heap
# Possible solutions:
#   Reduce memory load on the system
#   Increase physical memory or swap space
#   Check if swap backing store is full
#   Decrease Java heap size (-Xmx/-Xms)
#   Decrease number of Java threads
#   Decrease Java thread stack sizes (-Xss)
#   Set larger code cache with -XX:ReservedCodeCacheSize=
#   JVM is running with Unscaled Compressed Oops mode in which the Java heap is
#     placed in the first 4GB address space. The Java Heap base address is the
#     maximum limit for the native heap growth. Please use -XX:HeapBaseMinAddress
#     to set the Java Heap base and to place the Java Heap above 4GB virtual address.
# This output file may be truncated or incomplete.
#
#  Out of Memory Error (arena.cpp:191), pid=18632, tid=22508
#
# JRE version: OpenJDK Runtime Environment Temurin-17.0.10+7 (17.0.10+7) (build 17.0.10+7)
# Java VM: OpenJDK 64-Bit Server VM Temurin-17.0.10+7 (17.0.10+7, mixed mode, tiered, compressed oops, compressed class ptrs, parallel gc, windows-amd64)
# No core dump will be written. Minidumps are not enabled by default on client versions of Windows
#

---------------  S U M M A R Y ------------

Command Line: --add-modules=ALL-SYSTEM --add-opens=java.base/java.util=ALL-UNNAMED --add-opens=java.base/java.lang=ALL-UNNAMED --add-opens=java.base/sun.nio.fs=ALL-UNNAMED -Declipse.application=org.eclipse.jdt.ls.core.id1 -Dosgi.bundles.defaultStartLevel=4 -Declipse.product=org.eclipse.jdt.ls.core.product -Djava.import.generatesMetadataFilesAtProjectRoot=false -DDetectVMInstallationsJob.disabled=true -Dfile.encoding=utf8 -XX:+UseParallelGC -XX:GCTimeRatio=4 -XX:AdaptiveSizePolicyWeight=90 -Dsun.zip.disableMemoryMapping=true -Xmx1G -Xms100m -Xlog:disable -javaagent:c:\Users\Agustin\.vscode\extensions\redhat.java-1.28.1-win32-x64\lombok\lombok-1.18.31.jar c:\Users\Agustin\.vscode\extensions\redhat.java-1.28.1-win32-x64\server\plugins\org.eclipse.equinox.launcher_1.6.700.v20231214-2017.jar -configuration c:\Users\Agustin\AppData\Roaming\Code\User\globalStorage\redhat.java\1.28.1\config_ss_win -data c:\Users\Agustin\AppData\Roaming\Code\User\workspaceStorage\beac248b4a49fbf7b748769c68b6370d\redhat.java\ss_ws --stdio

Host: 11th Gen Intel(R) Core(TM) i5-11400H @ 2.70GHz, 12 cores, 7G,  Windows 11 , 64 bit Build 22621 (10.0.22621.3085)
Time: Thu Mar 21 11:44:11 2024 SE Asia Standard Time elapsed time: 6.391521 seconds (0d 0h 0m 6s)

---------------  T H R E A D  ---------------

Current thread (0x00000205e9c75360):  JavaThread "C2 CompilerThread0" daemon [_thread_in_native, id=22508, stack(0x000000e6e0c00000,0x000000e6e0d00000)]


Current CompileTask:
C2:   6391 2814       4       jdk.internal.org.objectweb.asm.Frame::execute (2318 bytes)

Stack: [0x000000e6e0c00000,0x000000e6e0d00000]
Native frames: (J=compiled Java code, j=interpreted, Vv=VM code, C=native code)
V  [jvm.dll+0x67d2c9]
V  [jvm.dll+0x834afa]
V  [jvm.dll+0x8365be]
V  [jvm.dll+0x836c23]
V  [jvm.dll+0x2477ff]
V  [jvm.dll+0xac514]
V  [jvm.dll+0xacb5c]
V  [jvm.dll+0x2aed1f]
V  [jvm.dll+0x584b67]
V  [jvm.dll+0x2228a2]
V  [jvm.dll+0x222c8f]
V  [jvm.dll+0x21bdb6]
V  [jvm.dll+0x219201]
V  [jvm.dll+0x1a502d]
V  [jvm.dll+0x2290de]
V  [jvm.dll+0x2272ac]
V  [jvm.dll+0x7e9bb7]
V  [jvm.dll+0x7e3fba]
V  [jvm.dll+0x67c1b5]
C  [ucrtbase.dll+0x29363]
C  [KERNEL32.DLL+0x1257d]
C  [ntdll.dll+0x5aa58]


---------------  P R O C E S S  ---------------

Threads class SMR info:
_java_thread_list=0x00000205e9f3d420, length=22, elements={
0x00000205cecffe40, 0x00000205e4ac1030, 0x00000205e4ac43b0, 0x00000205e9c69450,
0x00000205e9c69d20, 0x00000205e9c6af90, 0x00000205e9c6c200, 0x00000205e9c75360,
0x00000205e9c75d20, 0x00000205e9c77d50, 0x00000205e9d9f370, 0x00000205e9f36ea0,
0x00000205eb8d1180, 0x00000205ebeb8460, 0x00000205ebeb8940, 0x00000205ebd42950,
0x00000205ebe9a350, 0x00000205ebd3cf20, 0x00000205ebd3f290, 0x00000205ebd3f7a0,
0x00000205ebd3de50, 0x00000205ebd3ed80
}

Java Threads: ( => current thread )
  0x00000205cecffe40 JavaThread "main" [_thread_in_native, id=19516, stack(0x000000e6e0300000,0x000000e6e0400000)]
  0x00000205e4ac1030 JavaThread "Reference Handler" daemon [_thread_blocked, id=24584, stack(0x000000e6e0600000,0x000000e6e0700000)]
  0x00000205e4ac43b0 JavaThread "Finalizer" daemon [_thread_blocked, id=23052, stack(0x000000e6e0700000,0x000000e6e0800000)]
  0x00000205e9c69450 JavaThread "Signal Dispatcher" daemon [_thread_blocked, id=19484, stack(0x000000e6e0800000,0x000000e6e0900000)]
  0x00000205e9c69d20 JavaThread "Attach Listener" daemon [_thread_blocked, id=340, stack(0x000000e6e0900000,0x000000e6e0a00000)]
  0x00000205e9c6af90 JavaThread "Service Thread" daemon [_thread_blocked, id=25680, stack(0x000000e6e0a00000,0x000000e6e0b00000)]
  0x00000205e9c6c200 JavaThread "Monitor Deflation Thread" daemon [_thread_blocked, id=19012, stack(0x000000e6e0b00000,0x000000e6e0c00000)]
=>0x00000205e9c75360 JavaThread "C2 CompilerThread0" daemon [_thread_in_native, id=22508, stack(0x000000e6e0c00000,0x000000e6e0d00000)]
  0x00000205e9c75d20 JavaThread "C1 CompilerThread0" daemon [_thread_blocked, id=18128, stack(0x000000e6e0d00000,0x000000e6e0e00000)]
  0x00000205e9c77d50 JavaThread "Sweeper thread" daemon [_thread_blocked, id=16088, stack(0x000000e6e0e00000,0x000000e6e0f00000)]
  0x00000205e9d9f370 JavaThread "Common-Cleaner" daemon [_thread_blocked, id=23736, stack(0x000000e6e0f00000,0x000000e6e1000000)]
  0x00000205e9f36ea0 JavaThread "Notification Thread" daemon [_thread_blocked, id=11684, stack(0x000000e6e1000000,0x000000e6e1100000)]
  0x00000205eb8d1180 JavaThread "Active Thread: Equinox Container: 1cd8b060-8800-4fb7-8ffe-ae92cf59b0e7" [_thread_blocked, id=16280, stack(0x000000e6e1800000,0x000000e6e1900000)]
  0x00000205ebeb8460 JavaThread "Framework Event Dispatcher: Equinox Container: 1cd8b060-8800-4fb7-8ffe-ae92cf59b0e7" daemon [_thread_blocked, id=24120, stack(0x000000e6e1900000,0x000000e6e1a00000)]
  0x00000205ebeb8940 JavaThread "Start Level: Equinox Container: 1cd8b060-8800-4fb7-8ffe-ae92cf59b0e7" daemon [_thread_blocked, id=22756, stack(0x000000e6e1a00000,0x000000e6e1b00000)]
  0x00000205ebd42950 JavaThread "SCR Component Actor" daemon [_thread_blocked, id=24400, stack(0x000000e6e1b00000,0x000000e6e1c00000)]
  0x00000205ebe9a350 JavaThread "SCR Component Registry" daemon [_thread_blocked, id=24104, stack(0x000000e6e1d00000,0x000000e6e1e00000)]
  0x00000205ebd3cf20 JavaThread "Worker-JM" [_thread_blocked, id=26764, stack(0x000000e6e1f00000,0x000000e6e2000000)]
  0x00000205ebd3f290 JavaThread "Worker-0" [_thread_blocked, id=18652, stack(0x000000e6e2200000,0x000000e6e2300000)]
  0x00000205ebd3f7a0 JavaThread "Worker-1" [_thread_blocked, id=24172, stack(0x000000e6e2300000,0x000000e6e2400000)]
  0x00000205ebd3de50 JavaThread "JNA Cleaner" daemon [_thread_blocked, id=1672, stack(0x000000e6e1e00000,0x000000e6e1f00000)]
  0x00000205ebd3ed80 JavaThread "pool-2-thread-1" [_thread_blocked, id=15124, stack(0x000000e6e2400000,0x000000e6e2500000)]

Other Threads:
  0x00000205e9c44870 VMThread "VM Thread" [stack: 0x000000e6e0500000,0x000000e6e0600000] [id=6516]
  0x00000205e9f37380 WatcherThread [stack: 0x000000e6e1100000,0x000000e6e1200000] [id=15468]
  0x00000205ced152b0 GCTaskThread "GC Thread#0" [stack: 0x000000e6e0400000,0x000000e6e0500000] [id=26780]
  0x00000205eb972c20 GCTaskThread "GC Thread#1" [stack: 0x000000e6e1200000,0x000000e6e1300000] [id=16096]
  0x00000205eb972ee0 GCTaskThread "GC Thread#2" [stack: 0x000000e6e1300000,0x000000e6e1400000] [id=17732]
  0x00000205eb7b7dc0 GCTaskThread "GC Thread#3" [stack: 0x000000e6e1400000,0x000000e6e1500000] [id=19252]
  0x00000205eb972040 GCTaskThread "GC Thread#4" [stack: 0x000000e6e1500000,0x000000e6e1600000] [id=24000]
  0x00000205eb972300 GCTaskThread "GC Thread#5" [stack: 0x000000e6e1600000,0x000000e6e1700000] [id=22136]
  0x00000205eb9725c0 GCTaskThread "GC Thread#6" [stack: 0x000000e6e1700000,0x000000e6e1800000] [id=8700]
  0x00000205ebe2dfe0 GCTaskThread "GC Thread#7" [stack: 0x000000e6e1c00000,0x000000e6e1d00000] [id=13172]
  0x00000205eba6af80 GCTaskThread "GC Thread#8" [stack: 0x000000e6e2000000,0x000000e6e2100000] [id=21060]
  0x00000205eba6b240 GCTaskThread "GC Thread#9" [stack: 0x000000e6e2100000,0x000000e6e2200000] [id=15600]

Threads with active compile tasks:
C2 CompilerThread0     6412 2814       4       jdk.internal.org.objectweb.asm.Frame::execute (2318 bytes)

VM state: not at safepoint (normal execution)

VM Mutex/Monitor currently owned by a thread: None

Heap address: 0x00000000c0000000, size: 1024 MB, Compressed Oops mode: 32-bit

CDS archive(s) not mapped
Compressed class space mapped at: 0x0000000100000000-0x0000000140000000, reserved size: 1073741824
Narrow klass base: 0x0000000000000000, Narrow klass shift: 3, Narrow klass range: 0x140000000

GC Precious Log:
 CPUs: 12 total, 12 available
 Memory: 7971M
 Large Page Support: Disabled
 NUMA Support: Disabled
 Compressed Oops: Enabled (32-bit)
 Alignments: Space 512K, Generation 512K, Heap 2M
 Heap Min Capacity: 100M
 Heap Initial Capacity: 100M
 Heap Max Capacity: 1G
 Pre-touch: Disabled
 Parallel Workers: 10

Heap:
 PSYoungGen      total 26624K, used 13614K [0x00000000eab00000, 0x00000000ecd80000, 0x0000000100000000)
  eden space 24064K, 45% used [0x00000000eab00000,0x00000000eb5cf4e0,0x00000000ec280000)
  from space 2560K, 99% used [0x00000000ec300000,0x00000000ec57c3e8,0x00000000ec580000)
  to   space 5632K, 0% used [0x00000000ec800000,0x00000000ec800000,0x00000000ecd80000)
 ParOldGen       total 68608K, used 9558K [0x00000000c0000000, 0x00000000c4300000, 0x00000000eab00000)
  object space 68608K, 13% used [0x00000000c0000000,0x00000000c0955aa8,0x00000000c4300000)
 Metaspace       used 32895K, committed 33536K, reserved 1114112K
  class space    used 3271K, committed 3584K, reserved 1048576K

Card table byte_map: [0x00000205e2340000,0x00000205e2550000] _byte_map_base: 0x00000205e1d40000

Marking Bits: (ParMarkBitMap*) 0x00007fffeef3d7d0
 Begin Bits: [0x00000205e26b0000, 0x00000205e36b0000)
 End Bits:   [0x00000205e36b0000, 0x00000205e46b0000)

Polling page: 0x00000205cea60000

Metaspace:

Usage:
  Non-class:     28.93 MB used.
      Class:      3.20 MB used.
       Both:     32.12 MB used.

Virtual space:
  Non-class space:       64.00 MB reserved,      29.25 MB ( 46%) committed,  1 nodes.
      Class space:        1.00 GB reserved,       3.50 MB ( <1%) committed,  1 nodes.
             Both:        1.06 GB reserved,      32.75 MB (  3%) committed. 

Chunk freelists:
   Non-Class:  2.62 MB
       Class:  12.52 MB
        Both:  15.14 MB

MaxMetaspaceSize: unlimited
CompressedClassSpaceSize: 1.00 GB
Initial GC threshold: 21.00 MB
Current GC threshold: 35.00 MB
CDS: off
MetaspaceReclaimPolicy: balanced
 - commit_granule_bytes: 65536.
 - commit_granule_words: 8192.
 - virtual_space_node_default_size: 8388608.
 - enlarge_chunks_in_place: 1.
 - new_chunks_are_fully_committed: 0.
 - uncommit_free_chunks: 1.
 - use_allocation_guard: 0.
 - handle_deallocations: 1.


Internal statistics:

num_allocs_failed_limit: 3.
num_arena_births: 348.
num_arena_deaths: 14.
num_vsnodes_births: 2.
num_vsnodes_deaths: 0.
num_space_committed: 524.
num_space_uncommitted: 0.
num_chunks_returned_to_freelist: 17.
num_chunks_taken_from_freelist: 1305.
num_chunk_merges: 5.
num_chunk_splits: 844.
num_chunks_enlarged: 576.
num_inconsistent_stats: 0.

CodeHeap 'non-profiled nmethods': size=120000Kb used=1236Kb max_used=1236Kb free=118763Kb
 bounds [0x00000205dac20000, 0x00000205dae90000, 0x00000205e2150000]
CodeHeap 'profiled nmethods': size=120000Kb used=5704Kb max_used=5704Kb free=114295Kb
 bounds [0x00000205d3150000, 0x00000205d36f0000, 0x00000205da680000]
CodeHeap 'non-nmethods': size=5760Kb used=1263Kb max_used=1284Kb free=4496Kb
 bounds [0x00000205da680000, 0x00000205da8f0000, 0x00000205dac20000]
 total_blobs=3437 nmethods=2869 adapters=482
 compilation: enabled
              stopped_count=0, restarted_count=0
 full_count=0

Compilation events (20 events):
Event: 6.368 Thread 0x00000205e9c75d20 nmethod 2837 0x00000205dad53910 code [0x00000205dad53aa0, 0x00000205dad53b78]
Event: 6.368 Thread 0x00000205e9c75d20 2838       3       java.lang.Class::forName (47 bytes)
Event: 6.368 Thread 0x00000205e9c75d20 nmethod 2838 0x00000205d36ccb10 code [0x00000205d36ccd00, 0x00000205d36cd228]
Event: 6.368 Thread 0x00000205e9c75d20 2839       3       java.lang.reflect.Method::<init> (68 bytes)
Event: 6.368 Thread 0x00000205e9c75d20 nmethod 2839 0x00000205d36cd490 code [0x00000205d36cd640, 0x00000205d36cd958]
Event: 6.368 Thread 0x00000205e9c75d20 2840       3       java.lang.reflect.ProxyGenerator::dotToSlash (9 bytes)
Event: 6.368 Thread 0x00000205e9c75d20 nmethod 2840 0x00000205d36cda90 code [0x00000205d36cdc20, 0x00000205d36cdd48]
Event: 6.369 Thread 0x00000205e9c75d20 2841   !   3       java.lang.reflect.Executable::declaredAnnotations (85 bytes)
Event: 6.369 Thread 0x00000205e9c75d20 nmethod 2841 0x00000205d36cde10 code [0x00000205d36ce040, 0x00000205d36ce8c8]
Event: 6.369 Thread 0x00000205e9c75d20 2842       3       java.nio.ByteBuffer::position (6 bytes)
Event: 6.369 Thread 0x00000205e9c75d20 nmethod 2842 0x00000205d36cec90 code [0x00000205d36cee40, 0x00000205d36cf008]
Event: 6.369 Thread 0x00000205e9c75d20 2843       3       java.lang.reflect.Method::copy (84 bytes)
Event: 6.369 Thread 0x00000205e9c75d20 nmethod 2843 0x00000205d36cf090 code [0x00000205d36cf240, 0x00000205d36cf598]
Event: 6.376 Thread 0x00000205e9c75d20 2844       3       java.lang.ThreadLocal$ThreadLocalMap::getEntryAfterMiss (59 bytes)
Event: 6.376 Thread 0x00000205e9c75d20 nmethod 2844 0x00000205d36cf690 code [0x00000205d36cf880, 0x00000205d36cfe88]
Event: 6.386 Thread 0x00000205e9c75d20 2845       3       jdk.internal.org.objectweb.asm.Type::getArgumentTypes (154 bytes)
Event: 6.388 Thread 0x00000205e9c75d20 nmethod 2845 0x00000205d36d0110 code [0x00000205d36d05e0, 0x00000205d36d3008]
Event: 6.388 Thread 0x00000205e9c75d20 2846       3       jdk.internal.org.objectweb.asm.Frame::merge (395 bytes)
Event: 6.389 Thread 0x00000205e9c75d20 nmethod 2846 0x00000205d36d4010 code [0x00000205d36d42c0, 0x00000205d36d5058]
Event: 6.389 Thread 0x00000205e9c75d20 2847       3       jdk.internal.org.objectweb.asm.SymbolTable::addConstant (330 bytes)

GC Heap History (16 events):
Event: 0.844 GC heap before
{Heap before GC invocations=1 (full 0):
 PSYoungGen      total 29696K, used 25600K [0x00000000eab00000, 0x00000000ecc00000, 0x0000000100000000)
  eden space 25600K, 100% used [0x00000000eab00000,0x00000000ec400000,0x00000000ec400000)
  from space 4096K, 0% used [0x00000000ec800000,0x00000000ec800000,0x00000000ecc00000)
  to   space 4096K, 0% used [0x00000000ec400000,0x00000000ec400000,0x00000000ec800000)
 ParOldGen       total 68608K, used 0K [0x00000000c0000000, 0x00000000c4300000, 0x00000000eab00000)
  object space 68608K, 0% used [0x00000000c0000000,0x00000000c0000000,0x00000000c4300000)
 Metaspace       used 11000K, committed 11200K, reserved 1114112K
  class space    used 1096K, committed 1216K, reserved 1048576K
}
Event: 0.854 GC heap after
{Heap after GC invocations=1 (full 0):
 PSYoungGen      total 29696K, used 3156K [0x00000000eab00000, 0x00000000ecc00000, 0x0000000100000000)
  eden space 25600K, 0% used [0x00000000eab00000,0x00000000eab00000,0x00000000ec400000)
  from space 4096K, 77% used [0x00000000ec400000,0x00000000ec715130,0x00000000ec800000)
  to   space 4096K, 0% used [0x00000000ec800000,0x00000000ec800000,0x00000000ecc00000)
 ParOldGen       total 68608K, used 16K [0x00000000c0000000, 0x00000000c4300000, 0x00000000eab00000)
  object space 68608K, 0% used [0x00000000c0000000,0x00000000c0004000,0x00000000c4300000)
 Metaspace       used 11000K, committed 11200K, reserved 1114112K
  class space    used 1096K, committed 1216K, reserved 1048576K
}
Event: 4.109 GC heap before
{Heap before GC invocations=2 (full 0):
 PSYoungGen      total 29696K, used 28756K [0x00000000eab00000, 0x00000000ecc00000, 0x0000000100000000)
  eden space 25600K, 100% used [0x00000000eab00000,0x00000000ec400000,0x00000000ec400000)
  from space 4096K, 77% used [0x00000000ec400000,0x00000000ec715130,0x00000000ec800000)
  to   space 4096K, 0% used [0x00000000ec800000,0x00000000ec800000,0x00000000ecc00000)
 ParOldGen       total 68608K, used 16K [0x00000000c0000000, 0x00000000c4300000, 0x00000000eab00000)
  object space 68608K, 0% used [0x00000000c0000000,0x00000000c0004000,0x00000000c4300000)
 Metaspace       used 14910K, committed 15168K, reserved 1114112K
  class space    used 1513K, committed 1664K, reserved 1048576K
}
Event: 4.117 GC heap after
{Heap after GC invocations=2 (full 0):
 PSYoungGen      total 29696K, used 4084K [0x00000000eab00000, 0x00000000ecc00000, 0x0000000100000000)
  eden space 25600K, 0% used [0x00000000eab00000,0x00000000eab00000,0x00000000ec400000)
  from space 4096K, 99% used [0x00000000ec800000,0x00000000ecbfd130,0x00000000ecc00000)
  to   space 4096K, 0% used [0x00000000ec400000,0x00000000ec400000,0x00000000ec800000)
 ParOldGen       total 68608K, used 726K [0x00000000c0000000, 0x00000000c4300000, 0x00000000eab00000)
  object space 68608K, 1% used [0x00000000c0000000,0x00000000c00b5820,0x00000000c4300000)
 Metaspace       used 14910K, committed 15168K, reserved 1114112K
  class space    used 1513K, committed 1664K, reserved 1048576K
}
Event: 4.816 GC heap before
{Heap before GC invocations=3 (full 0):
 PSYoungGen      total 29696K, used 29684K [0x00000000eab00000, 0x00000000ecc00000, 0x0000000100000000)
  eden space 25600K, 100% used [0x00000000eab00000,0x00000000ec400000,0x00000000ec400000)
  from space 4096K, 99% used [0x00000000ec800000,0x00000000ecbfd130,0x00000000ecc00000)
  to   space 4096K, 0% used [0x00000000ec400000,0x00000000ec400000,0x00000000ec800000)
 ParOldGen       total 68608K, used 726K [0x00000000c0000000, 0x00000000c4300000, 0x00000000eab00000)
  object space 68608K, 1% used [0x00000000c0000000,0x00000000c00b5820,0x00000000c4300000)
 Metaspace       used 20049K, committed 20416K, reserved 1114112K
  class space    used 2041K, committed 2176K, reserved 1048576K
}
Event: 4.822 GC heap after
{Heap after GC invocations=3 (full 0):
 PSYoungGen      total 29696K, used 4073K [0x00000000eab00000, 0x00000000ecc00000, 0x0000000100000000)
  eden space 25600K, 0% used [0x00000000eab00000,0x00000000eab00000,0x00000000ec400000)
  from space 4096K, 99% used [0x00000000ec400000,0x00000000ec7fa690,0x00000000ec800000)
  to   space 4096K, 0% used [0x00000000ec800000,0x00000000ec800000,0x00000000ecc00000)
 ParOldGen       total 68608K, used 2558K [0x00000000c0000000, 0x00000000c4300000, 0x00000000eab00000)
  object space 68608K, 3% used [0x00000000c0000000,0x00000000c027f960,0x00000000c4300000)
 Metaspace       used 20049K, committed 20416K, reserved 1114112K
  class space    used 2041K, committed 2176K, reserved 1048576K
}
Event: 4.927 GC heap before
{Heap before GC invocations=4 (full 0):
 PSYoungGen      total 29696K, used 10669K [0x00000000eab00000, 0x00000000ecc00000, 0x0000000100000000)
  eden space 25600K, 25% used [0x00000000eab00000,0x00000000eb171008,0x00000000ec400000)
  from space 4096K, 99% used [0x00000000ec400000,0x00000000ec7fa690,0x00000000ec800000)
  to   space 4096K, 0% used [0x00000000ec800000,0x00000000ec800000,0x00000000ecc00000)
 ParOldGen       total 68608K, used 2558K [0x00000000c0000000, 0x00000000c4300000, 0x00000000eab00000)
  object space 68608K, 3% used [0x00000000c0000000,0x00000000c027f960,0x00000000c4300000)
 Metaspace       used 21110K, committed 21504K, reserved 1114112K
  class space    used 2165K, committed 2368K, reserved 1048576K
}
Event: 4.930 GC heap after
{Heap after GC invocations=4 (full 0):
 PSYoungGen      total 29696K, used 4095K [0x00000000eab00000, 0x00000000ecc00000, 0x0000000100000000)
  eden space 25600K, 0% used [0x00000000eab00000,0x00000000eab00000,0x00000000ec400000)
  from space 4096K, 99% used [0x00000000ec800000,0x00000000ecbffed0,0x00000000ecc00000)
  to   space 4096K, 0% used [0x00000000ec400000,0x00000000ec400000,0x00000000ec800000)
 ParOldGen       total 68608K, used 2766K [0x00000000c0000000, 0x00000000c4300000, 0x00000000eab00000)
  object space 68608K, 4% used [0x00000000c0000000,0x00000000c02b3960,0x00000000c4300000)
 Metaspace       used 21110K, committed 21504K, reserved 1114112K
  class space    used 2165K, committed 2368K, reserved 1048576K
}
Event: 4.930 GC heap before
{Heap before GC invocations=5 (full 1):
 PSYoungGen      total 29696K, used 4095K [0x00000000eab00000, 0x00000000ecc00000, 0x0000000100000000)
  eden space 25600K, 0% used [0x00000000eab00000,0x00000000eab00000,0x00000000ec400000)
  from space 4096K, 99% used [0x00000000ec800000,0x00000000ecbffed0,0x00000000ecc00000)
  to   space 4096K, 0% used [0x00000000ec400000,0x00000000ec400000,0x00000000ec800000)
 ParOldGen       total 68608K, used 2766K [0x00000000c0000000, 0x00000000c4300000, 0x00000000eab00000)
  object space 68608K, 4% used [0x00000000c0000000,0x00000000c02b3960,0x00000000c4300000)
 Metaspace       used 21110K, committed 21504K, reserved 1114112K
  class space    used 2165K, committed 2368K, reserved 1048576K
}
Event: 4.944 GC heap after
{Heap after GC invocations=5 (full 1):
 PSYoungGen      total 29696K, used 0K [0x00000000eab00000, 0x00000000ecc00000, 0x0000000100000000)
  eden space 25600K, 0% used [0x00000000eab00000,0x00000000eab00000,0x00000000ec400000)
  from space 4096K, 0% used [0x00000000ec800000,0x00000000ec800000,0x00000000ecc00000)
  to   space 4096K, 0% used [0x00000000ec400000,0x00000000ec400000,0x00000000ec800000)
 ParOldGen       total 68608K, used 6614K [0x00000000c0000000, 0x00000000c4300000, 0x00000000eab00000)
  object space 68608K, 9% used [0x00000000c0000000,0x00000000c0675b28,0x00000000c4300000)
 Metaspace       used 21097K, committed 21504K, reserved 1114112K
  class space    used 2162K, committed 2368K, reserved 1048576K
}
Event: 5.138 GC heap before
{Heap before GC invocations=6 (full 1):
 PSYoungGen      total 29696K, used 25600K [0x00000000eab00000, 0x00000000ecc00000, 0x0000000100000000)
  eden space 25600K, 100% used [0x00000000eab00000,0x00000000ec400000,0x00000000ec400000)
  from space 4096K, 0% used [0x00000000ec800000,0x00000000ec800000,0x00000000ecc00000)
  to   space 4096K, 0% used [0x00000000ec400000,0x00000000ec400000,0x00000000ec800000)
 ParOldGen       total 68608K, used 6614K [0x00000000c0000000, 0x00000000c4300000, 0x00000000eab00000)
  object space 68608K, 9% used [0x00000000c0000000,0x00000000c0675b28,0x00000000c4300000)
 Metaspace       used 24092K, committed 24576K, reserved 1114112K
  class space    used 2366K, committed 2560K, reserved 1048576K
}
Event: 5.139 GC heap after
{Heap after GC invocations=6 (full 1):
 PSYoungGen      total 26112K, used 842K [0x00000000eab00000, 0x00000000ec880000, 0x0000000100000000)
  eden space 25088K, 0% used [0x00000000eab00000,0x00000000eab00000,0x00000000ec380000)
  from space 1024K, 82% used [0x00000000ec400000,0x00000000ec4d2bf8,0x00000000ec500000)
  to   space 2560K, 0% used [0x00000000ec600000,0x00000000ec600000,0x00000000ec880000)
 ParOldGen       total 68608K, used 6622K [0x00000000c0000000, 0x00000000c4300000, 0x00000000eab00000)
  object space 68608K, 9% used [0x00000000c0000000,0x00000000c0677b28,0x00000000c4300000)
 Metaspace       used 24092K, committed 24576K, reserved 1114112K
  class space    used 2366K, committed 2560K, reserved 1048576K
}
Event: 5.289 GC heap before
{Heap before GC invocations=7 (full 1):
 PSYoungGen      total 26112K, used 25930K [0x00000000eab00000, 0x00000000ec880000, 0x0000000100000000)
  eden space 25088K, 100% used [0x00000000eab00000,0x00000000ec380000,0x00000000ec380000)
  from space 1024K, 82% used [0x00000000ec400000,0x00000000ec4d2bf8,0x00000000ec500000)
  to   space 2560K, 0% used [0x00000000ec600000,0x00000000ec600000,0x00000000ec880000)
 ParOldGen       total 68608K, used 6622K [0x00000000c0000000, 0x00000000c4300000, 0x00000000eab00000)
  object space 68608K, 9% used [0x00000000c0000000,0x00000000c0677b28,0x00000000c4300000)
 Metaspace       used 26746K, committed 27200K, reserved 1114112K
  class space    used 2577K, committed 2816K, reserved 1048576K
}
Event: 5.291 GC heap after
{Heap after GC invocations=7 (full 1):
 PSYoungGen      total 26624K, used 1913K [0x00000000eab00000, 0x00000000ec800000, 0x0000000100000000)
  eden space 24576K, 0% used [0x00000000eab00000,0x00000000eab00000,0x00000000ec300000)
  from space 2048K, 93% used [0x00000000ec600000,0x00000000ec7de7d8,0x00000000ec800000)
  to   space 2560K, 0% used [0x00000000ec300000,0x00000000ec300000,0x00000000ec580000)
 ParOldGen       total 68608K, used 7412K [0x00000000c0000000, 0x00000000c4300000, 0x00000000eab00000)
  object space 68608K, 10% used [0x00000000c0000000,0x00000000c073d038,0x00000000c4300000)
 Metaspace       used 26746K, committed 27200K, reserved 1114112K
  class space    used 2577K, committed 2816K, reserved 1048576K
}
Event: 6.144 GC heap before
{Heap before GC invocations=8 (full 1):
 PSYoungGen      total 26624K, used 26489K [0x00000000eab00000, 0x00000000ec800000, 0x0000000100000000)
  eden space 24576K, 100% used [0x00000000eab00000,0x00000000ec300000,0x00000000ec300000)
  from space 2048K, 93% used [0x00000000ec600000,0x00000000ec7de7d8,0x00000000ec800000)
  to   space 2560K, 0% used [0x00000000ec300000,0x00000000ec300000,0x00000000ec580000)
 ParOldGen       total 68608K, used 7412K [0x00000000c0000000, 0x00000000c4300000, 0x00000000eab00000)
  object space 68608K, 10% used [0x00000000c0000000,0x00000000c073d038,0x00000000c4300000)
 Metaspace       used 31017K, committed 31616K, reserved 1114112K
  class space    used 3042K, committed 3328K, reserved 1048576K
}
Event: 6.146 GC heap after
{Heap after GC invocations=8 (full 1):
 PSYoungGen      total 26624K, used 2544K [0x00000000eab00000, 0x00000000ecd80000, 0x0000000100000000)
  eden space 24064K, 0% used [0x00000000eab00000,0x00000000eab00000,0x00000000ec280000)
  from space 2560K, 99% used [0x00000000ec300000,0x00000000ec57c3e8,0x00000000ec580000)
  to   space 5632K, 0% used [0x00000000ec800000,0x00000000ec800000,0x00000000ecd80000)
 ParOldGen       total 68608K, used 9558K [0x00000000c0000000, 0x00000000c4300000, 0x00000000eab00000)
  object space 68608K, 13% used [0x00000000c0000000,0x00000000c0955aa8,0x00000000c4300000)
 Metaspace       used 31017K, committed 31616K, reserved 1114112K
  class space    used 3042K, committed 3328K, reserved 1048576K
}

Dll operation events (10 events):
Event: 0.014 Loaded shared library c:\Users\Agustin\.vscode\extensions\redhat.java-1.28.1-win32-x64\jre\17.0.10-win32-x86_64\bin\java.dll
Event: 0.145 Loaded shared library c:\Users\Agustin\.vscode\extensions\redhat.java-1.28.1-win32-x64\jre\17.0.10-win32-x86_64\bin\zip.dll
Event: 0.151 Loaded shared library C:\Users\Agustin\.vscode\extensions\redhat.java-1.28.1-win32-x64\jre\17.0.10-win32-x86_64\bin\instrument.dll
Event: 0.168 Loaded shared library C:\Users\Agustin\.vscode\extensions\redhat.java-1.28.1-win32-x64\jre\17.0.10-win32-x86_64\bin\net.dll
Event: 0.172 Loaded shared library C:\Users\Agustin\.vscode\extensions\redhat.java-1.28.1-win32-x64\jre\17.0.10-win32-x86_64\bin\nio.dll
Event: 0.178 Loaded shared library C:\Users\Agustin\.vscode\extensions\redhat.java-1.28.1-win32-x64\jre\17.0.10-win32-x86_64\bin\zip.dll
Event: 0.193 Loaded shared library C:\Users\Agustin\.vscode\extensions\redhat.java-1.28.1-win32-x64\jre\17.0.10-win32-x86_64\bin\jimage.dll
Event: 0.243 Loaded shared library c:\Users\Agustin\.vscode\extensions\redhat.java-1.28.1-win32-x64\jre\17.0.10-win32-x86_64\bin\verify.dll
Event: 3.971 Loaded shared library C:\Users\Agustin\AppData\Roaming\Code\User\globalStorage\redhat.java\1.28.1\config_ss_win\org.eclipse.equinox.launcher\org.eclipse.equinox.launcher.win32.win32.x86_64_1.2.900.v20240129-1338\eclipse_11900.dll
Event: 6.239 Loaded shared library C:\Users\Agustin\AppData\Local\Temp\jna-618592437\jna12144685412179549687.dll

Deoptimization events (20 events):
Event: 6.027 Thread 0x00000205ebd3f290 Uncommon trap: trap_request=0xffffff45 fr.pc=0x00000205dad17ef4 relative=0x0000000000000fd4
Event: 6.027 Thread 0x00000205ebd3f290 Uncommon trap: reason=unstable_if action=reinterpret pc=0x00000205dad17ef4 method=java.util.Properties.loadConvert([CIILjava/lang/StringBuilder;)Ljava/lang/String; @ 477 c2
Event: 6.027 Thread 0x00000205ebd3f290 DEOPT PACKING pc=0x00000205dad17ef4 sp=0x000000e6e22fd2a0
Event: 6.027 Thread 0x00000205ebd3f290 DEOPT UNPACKING pc=0x00000205da6d9ea3 sp=0x000000e6e22fd280 mode 2
Event: 6.167 Thread 0x00000205ebeb8940 Uncommon trap: trap_request=0xffffff45 fr.pc=0x00000205dac53894 relative=0x0000000000000694
Event: 6.167 Thread 0x00000205ebeb8940 Uncommon trap: reason=unstable_if action=reinterpret pc=0x00000205dac53894 method=java.lang.String.replace(Ljava/lang/CharSequence;Ljava/lang/CharSequence;)Ljava/lang/String; @ 42 c2
Event: 6.167 Thread 0x00000205ebeb8940 DEOPT PACKING pc=0x00000205dac53894 sp=0x000000e6e1afb890
Event: 6.167 Thread 0x00000205ebeb8940 DEOPT UNPACKING pc=0x00000205da6d9ea3 sp=0x000000e6e1afb820 mode 2
Event: 6.256 Thread 0x00000205ebeb8940 Uncommon trap: trap_request=0xffffff45 fr.pc=0x00000205dace9e4c relative=0x0000000000000aec
Event: 6.256 Thread 0x00000205ebeb8940 Uncommon trap: reason=unstable_if action=reinterpret pc=0x00000205dace9e4c method=jdk.internal.org.objectweb.asm.SymbolTable.put(Ljdk/internal/org/objectweb/asm/SymbolTable$Entry;)Ljdk/internal/org/objectweb/asm/SymbolTable$Entry; @ 13 c2
Event: 6.256 Thread 0x00000205ebeb8940 DEOPT PACKING pc=0x00000205dace9e4c sp=0x000000e6e1afbc70
Event: 6.256 Thread 0x00000205ebeb8940 DEOPT UNPACKING pc=0x00000205da6d9ea3 sp=0x000000e6e1afbbb8 mode 2
Event: 6.265 Thread 0x00000205ebeb8940 Uncommon trap: trap_request=0xffffff76 fr.pc=0x00000205dad40710 relative=0x0000000000000550
Event: 6.265 Thread 0x00000205ebeb8940 Uncommon trap: reason=predicate action=maybe_recompile pc=0x00000205dad40710 method=java.util.TreeMap.getEntryUsingComparator(Ljava/lang/Object;)Ljava/util/TreeMap$Entry; @ 19 c2
Event: 6.265 Thread 0x00000205ebeb8940 DEOPT PACKING pc=0x00000205dad40710 sp=0x000000e6e1afc940
Event: 6.265 Thread 0x00000205ebeb8940 DEOPT UNPACKING pc=0x00000205da6d9ea3 sp=0x000000e6e1afc860 mode 2
Event: 6.296 Thread 0x00000205cecffe40 Uncommon trap: trap_request=0xffffff76 fr.pc=0x00000205dad3c074 relative=0x0000000000000534
Event: 6.296 Thread 0x00000205cecffe40 Uncommon trap: reason=predicate action=maybe_recompile pc=0x00000205dad3c074 method=java.util.TreeMap.getEntryUsingComparator(Ljava/lang/Object;)Ljava/util/TreeMap$Entry; @ 19 c2
Event: 6.296 Thread 0x00000205cecffe40 DEOPT PACKING pc=0x00000205dad3c074 sp=0x000000e6e03fe0d0
Event: 6.296 Thread 0x00000205cecffe40 DEOPT UNPACKING pc=0x00000205da6d9ea3 sp=0x000000e6e03fe080 mode 2

Classes unloaded (7 events):
Event: 4.932 Thread 0x00000205e9c44870 Unloading class 0x000000010021a400 'java/lang/invoke/LambdaForm$MH+0x000000010021a400'
Event: 4.932 Thread 0x00000205e9c44870 Unloading class 0x000000010021a000 'java/lang/invoke/LambdaForm$MH+0x000000010021a000'
Event: 4.932 Thread 0x00000205e9c44870 Unloading class 0x0000000100219c00 'java/lang/invoke/LambdaForm$MH+0x0000000100219c00'
Event: 4.932 Thread 0x00000205e9c44870 Unloading class 0x0000000100219800 'java/lang/invoke/LambdaForm$MH+0x0000000100219800'
Event: 4.932 Thread 0x00000205e9c44870 Unloading class 0x0000000100219400 'java/lang/invoke/LambdaForm$BMH+0x0000000100219400'
Event: 4.932 Thread 0x00000205e9c44870 Unloading class 0x0000000100219000 'java/lang/invoke/LambdaForm$DMH+0x0000000100219000'
Event: 4.932 Thread 0x00000205e9c44870 Unloading class 0x0000000100214400 'java/lang/invoke/LambdaForm$DMH+0x0000000100214400'

Classes redefined (0 events):
No events

Internal exceptions (20 events):
Event: 4.917 Thread 0x00000205ebd3f290 Exception <a 'java/lang/NoSuchMethodError'{0x00000000eaf87f38}: 'java.lang.Object java.lang.invoke.DirectMethodHandle$Holder.newInvokeSpecial(java.lang.Object, java.lang.Object, int, java.lang.Object)'> (0x00000000eaf87f38) 
thrown [s\src\hotspot\share\interpreter\linkResolver.cpp, line 759]
Event: 4.917 Thread 0x00000205ebd3f290 Exception <a 'java/lang/NoSuchMethodError'{0x00000000eaf8ba48}: 'java.lang.Object java.lang.invoke.DirectMethodHandle$Holder.invokeSpecial(java.lang.Object, java.lang.Object, java.lang.Object, int, java.lang.Object)'> (0x00000000eaf8ba48) 
thrown [s\src\hotspot\share\interpreter\linkResolver.cpp, line 759]
Event: 5.350 Thread 0x00000205ebeb8940 Exception <a 'java/lang/ClassNotFoundException'{0x00000000eae84988}: com/sun/org/apache/xerces/internal/impl/msg/spi/DOMMessagesProvider> (0x00000000eae84988) 
thrown [s\src\hotspot\share\classfile\systemDictionary.cpp, line 256]
Event: 5.354 Thread 0x00000205ebeb8940 Implicit null exception at 0x00000205dacec480 to 0x00000205daced168
Event: 5.355 Thread 0x00000205ebeb8940 Exception <a 'java/lang/ClassNotFoundException'{0x00000000eaeb0c58}: com/sun/org/apache/xerces/internal/impl/msg/spi/XMLSerializerMessagesProvider> (0x00000000eaeb0c58) 
thrown [s\src\hotspot\share\classfile\systemDictionary.cpp, line 256]
Event: 5.356 Thread 0x00000205ebeb8940 Exception <a 'java/lang/ClassNotFoundException'{0x00000000eaebde90}: com/sun/org/apache/xerces/internal/impl/msg/spi/XMLMessagesProvider> (0x00000000eaebde90) 
thrown [s\src\hotspot\share\classfile\systemDictionary.cpp, line 256]
Event: 5.377 Thread 0x00000205ebeb8940 Exception <a 'java/lang/NoSuchMethodError'{0x00000000eb023f88}: 'java.lang.Object java.lang.invoke.DirectMethodHandle$Holder.newInvokeSpecial(java.lang.Object, int, java.lang.Object, java.lang.Object)'> (0x00000000eb023f88) 
thrown [s\src\hotspot\share\interpreter\linkResolver.cpp, line 759]
Event: 5.877 Thread 0x00000205ebeb8940 Exception <a 'java/lang/NoSuchMethodError'{0x00000000eb13b730}: 'java.lang.Object java.lang.invoke.DirectMethodHandle$Holder.invokeStaticInit(java.lang.Object, int, int, int, int)'> (0x00000000eb13b730) 
thrown [s\src\hotspot\share\interpreter\linkResolver.cpp, line 759]
Event: 5.959 Thread 0x00000205ebeb8940 Exception <a 'java/lang/NoSuchMethodError'{0x00000000eb211ed0}: 'java.lang.Object java.lang.invoke.DirectMethodHandle$Holder.invokeStaticInit(java.lang.Object, java.lang.Object, int, int, int, int)'> (0x00000000eb211ed0) 
thrown [s\src\hotspot\share\interpreter\linkResolver.cpp, line 759]
Event: 5.994 Thread 0x00000205ebeb8940 Exception <a 'sun/nio/fs/WindowsException'{0x00000000eb4bb4f0}> (0x00000000eb4bb4f0) 
thrown [s\src\hotspot\share\prims\jni.cpp, line 516]
Event: 6.056 Thread 0x00000205ebeb8940 Exception <a 'java/lang/ClassNotFoundException'{0x00000000ebbee4c8}: com/sun/org/apache/xml/internal/serializer/spi/XMLEntitiesProvider> (0x00000000ebbee4c8) 
thrown [s\src\hotspot\share\classfile\systemDictionary.cpp, line 256]
Event: 6.132 Thread 0x00000205ebeb8940 Exception <a 'java/io/FileNotFoundException'{0x00000000ec21bb30}> (0x00000000ec21bb30) 
thrown [s\src\hotspot\share\prims\jni.cpp, line 516]
Event: 6.260 Thread 0x00000205ebeb8940 Exception <a 'java/lang/UnsatisfiedLinkError'{0x00000000eadc8ac8}: The specified procedure could not be found.
> (0x00000000eadc8ac8) 
thrown [s\src\hotspot\share\prims\jni.cpp, line 535]
Event: 6.263 Thread 0x00000205ebeb8940 Exception <a 'java/io/FileNotFoundException'{0x00000000eaded600}> (0x00000000eaded600) 
thrown [s\src\hotspot\share\prims\jni.cpp, line 516]
Event: 6.269 Thread 0x00000205ebeb8940 Exception <a 'java/io/FileNotFoundException'{0x00000000eae67bb8}> (0x00000000eae67bb8) 
thrown [s\src\hotspot\share\prims\jni.cpp, line 516]
Event: 6.277 Thread 0x00000205ebeb8940 Exception <a 'java/lang/UnsatisfiedLinkError'{0x00000000eaef7e40}: The specified procedure could not be found.
> (0x00000000eaef7e40) 
thrown [s\src\hotspot\share\prims\jni.cpp, line 535]
Event: 6.312 Thread 0x00000205cecffe40 Exception <a 'java/lang/NoSuchMethodError'{0x00000000eb0e98d0}: 'java.lang.Object java.lang.invoke.DirectMethodHandle$Holder.invokeStatic(java.lang.Object, java.lang.Object, long, java.lang.Object)'> (0x00000000eb0e98d0) 
thrown [s\src\hotspot\share\interpreter\linkResolver.cpp, line 759]
Event: 6.312 Thread 0x00000205cecffe40 Exception <a 'java/lang/NoSuchMethodError'{0x00000000eb0ed368}: 'java.lang.Object java.lang.invoke.DirectMethodHandle$Holder.invokeStaticInit(java.lang.Object, java.lang.Object, long, java.lang.Object)'> (0x00000000eb0ed368) 
thrown [s\src\hotspot\share\interpreter\linkResolver.cpp, line 759]
Event: 6.313 Thread 0x00000205cecffe40 Exception <a 'java/lang/NoSuchMethodError'{0x00000000eb0f3c38}: 'java.lang.Object java.lang.invoke.DirectMethodHandle$Holder.newInvokeSpecial(java.lang.Object, java.lang.Object, long)'> (0x00000000eb0f3c38) 
thrown [s\src\hotspot\share\interpreter\linkResolver.cpp, line 759]
Event: 6.360 Thread 0x00000205cecffe40 Exception <a 'java/lang/NoSuchMethodError'{0x00000000eb2bcf30}: 'void java.lang.invoke.DirectMethodHandle$Holder.invokeStatic(java.lang.Object, java.lang.Object, java.lang.Object, java.lang.Object)'> (0x00000000eb2bcf30) 
thrown [s\src\hotspot\share\interpreter\linkResolver.cpp, line 759]

VM Operations (20 events):
Event: 5.138 Executing VM operation: ParallelGCFailedAllocation
Event: 5.139 Executing VM operation: ParallelGCFailedAllocation done
Event: 5.289 Executing VM operation: ParallelGCFailedAllocation
Event: 5.291 Executing VM operation: ParallelGCFailedAllocation done
Event: 5.310 Executing VM operation: HandshakeAllThreads
Event: 5.310 Executing VM operation: HandshakeAllThreads done
Event: 5.379 Executing VM operation: HandshakeAllThreads
Event: 5.379 Executing VM operation: HandshakeAllThreads done
Event: 5.970 Executing VM operation: HandshakeAllThreads
Event: 5.970 Executing VM operation: HandshakeAllThreads done
Event: 6.002 Executing VM operation: HandshakeAllThreads
Event: 6.003 Executing VM operation: HandshakeAllThreads done
Event: 6.039 Executing VM operation: HandshakeAllThreads
Event: 6.040 Executing VM operation: HandshakeAllThreads done
Event: 6.078 Executing VM operation: HandshakeAllThreads
Event: 6.078 Executing VM operation: HandshakeAllThreads done
Event: 6.144 Executing VM operation: ParallelGCFailedAllocation
Event: 6.146 Executing VM operation: ParallelGCFailedAllocation done
Event: 6.251 Executing VM operation: HandshakeAllThreads
Event: 6.251 Executing VM operation: HandshakeAllThreads done

Events (20 events):
Event: 6.351 loading class sun/reflect/generics/tree/ClassSignature
Event: 6.351 loading class sun/reflect/generics/tree/ClassSignature done
Event: 6.351 loading class sun/reflect/generics/tree/TypeVariableSignature
Event: 6.351 loading class sun/reflect/generics/tree/TypeVariableSignature done
Event: 6.351 loading class sun/reflect/generics/reflectiveObjects/TypeVariableImpl
Event: 6.352 loading class sun/reflect/generics/reflectiveObjects/LazyReflectiveObjectGenerator
Event: 6.352 loading class sun/reflect/generics/reflectiveObjects/LazyReflectiveObjectGenerator done
Event: 6.352 loading class sun/reflect/generics/reflectiveObjects/TypeVariableImpl done
Event: 6.361 loading class java/lang/Deprecated
Event: 6.361 loading class java/lang/Deprecated done
Event: 6.362 loading class jdk/internal/vm/annotation/IntrinsicCandidate
Event: 6.362 loading class jdk/internal/vm/annotation/IntrinsicCandidate done
Event: 6.387 loading class sun/reflect/generics/tree/BottomSignature
Event: 6.387 loading class sun/reflect/generics/tree/BottomSignature done
Event: 6.387 loading class sun/reflect/generics/tree/Wildcard
Event: 6.387 loading class sun/reflect/generics/tree/Wildcard done
Event: 6.387 loading class sun/reflect/generics/reflectiveObjects/WildcardTypeImpl
Event: 6.388 loading class java/lang/reflect/WildcardType
Event: 6.388 loading class java/lang/reflect/WildcardType done
Event: 6.388 loading class sun/reflect/generics/reflectiveObjects/WildcardTypeImpl done


Dynamic libraries:
0x00007ff6d2570000 - 0x00007ff6d257e000 	c:\Users\Agustin\.vscode\extensions\redhat.java-1.28.1-win32-x64\jre\17.0.10-win32-x86_64\bin\java.exe
0x00007ff83c230000 - 0x00007ff83c447000 	C:\WINDOWS\SYSTEM32\ntdll.dll
0x00007ff83af00000 - 0x00007ff83afc4000 	C:\WINDOWS\System32\KERNEL32.DLL
0x00007ff8397b0000 - 0x00007ff839b56000 	C:\WINDOWS\System32\KERNELBASE.dll
0x00007ff839610000 - 0x00007ff839721000 	C:\WINDOWS\System32\ucrtbase.dll
0x00007ff828f20000 - 0x00007ff828f37000 	c:\Users\Agustin\.vscode\extensions\redhat.java-1.28.1-win32-x64\jre\17.0.10-win32-x86_64\bin\jli.dll
0x00007ff82fa30000 - 0x00007ff82fa4b000 	c:\Users\Agustin\.vscode\extensions\redhat.java-1.28.1-win32-x64\jre\17.0.10-win32-x86_64\bin\VCRUNTIME140.dll
0x00007ff83a8f0000 - 0x00007ff83aa9e000 	C:\WINDOWS\System32\USER32.dll
0x00007ff839df0000 - 0x00007ff839e16000 	C:\WINDOWS\System32\win32u.dll
0x00007ff823c30000 - 0x00007ff823ec3000 	C:\WINDOWS\WinSxS\amd64_microsoft.windows.common-controls_6595b64144ccf1df_6.0.22621.2506_none_270c5ae97388e100\COMCTL32.dll
0x00007ff83a040000 - 0x00007ff83a069000 	C:\WINDOWS\System32\GDI32.dll
0x00007ff83b1c0000 - 0x00007ff83b267000 	C:\WINDOWS\System32\msvcrt.dll
0x00007ff839b60000 - 0x00007ff839c78000 	C:\WINDOWS\System32\gdi32full.dll
0x00007ff839570000 - 0x00007ff83960a000 	C:\WINDOWS\System32\msvcp_win.dll
0x00007ff83aab0000 - 0x00007ff83aae1000 	C:\WINDOWS\System32\IMM32.DLL
0x00007ff8310e0000 - 0x00007ff8310ec000 	c:\Users\Agustin\.vscode\extensions\redhat.java-1.28.1-win32-x64\jre\17.0.10-win32-x86_64\bin\vcruntime140_1.dll
0x00007ff80e3b0000 - 0x00007ff80e43d000 	c:\Users\Agustin\.vscode\extensions\redhat.java-1.28.1-win32-x64\jre\17.0.10-win32-x86_64\bin\msvcp140.dll
0x00007fffee3a0000 - 0x00007fffef002000 	c:\Users\Agustin\.vscode\extensions\redhat.java-1.28.1-win32-x64\jre\17.0.10-win32-x86_64\bin\server\jvm.dll
0x00007ff839f80000 - 0x00007ff83a033000 	C:\WINDOWS\System32\ADVAPI32.dll
0x00007ff83a820000 - 0x00007ff83a8c8000 	C:\WINDOWS\System32\sechost.dll
0x00007ff839e90000 - 0x00007ff839eb8000 	C:\WINDOWS\System32\bcrypt.dll
0x00007ff83a670000 - 0x00007ff83a787000 	C:\WINDOWS\System32\RPCRT4.dll
0x00007ff821a80000 - 0x00007ff821a89000 	C:\WINDOWS\SYSTEM32\WSOCK32.dll
0x00007ff82f920000 - 0x00007ff82f954000 	C:\WINDOWS\SYSTEM32\WINMM.dll
0x00007ff82e970000 - 0x00007ff82e97a000 	C:\WINDOWS\SYSTEM32\VERSION.dll
0x00007ff83c170000 - 0x00007ff83c1e1000 	C:\WINDOWS\System32\WS2_32.dll
0x00007ff8383c0000 - 0x00007ff83840d000 	C:\WINDOWS\SYSTEM32\POWRPROF.dll
0x00007ff8383a0000 - 0x00007ff8383b3000 	C:\WINDOWS\SYSTEM32\UMPDC.dll
0x00007ff838660000 - 0x00007ff838678000 	C:\WINDOWS\SYSTEM32\kernel.appcore.dll
0x00007ff82fd70000 - 0x00007ff82fd7a000 	c:\Users\Agustin\.vscode\extensions\redhat.java-1.28.1-win32-x64\jre\17.0.10-win32-x86_64\bin\jimage.dll
0x00007ff836ea0000 - 0x00007ff8370d3000 	C:\WINDOWS\SYSTEM32\DBGHELP.DLL
0x00007ff83a2e0000 - 0x00007ff83a669000 	C:\WINDOWS\System32\combase.dll
0x00007ff83b030000 - 0x00007ff83b107000 	C:\WINDOWS\System32\OLEAUT32.dll
0x00007ff81f990000 - 0x00007ff81f9c2000 	C:\WINDOWS\SYSTEM32\dbgcore.DLL
0x00007ff839730000 - 0x00007ff8397aa000 	C:\WINDOWS\System32\bcryptPrimitives.dll
0x00007ff829040000 - 0x00007ff82904e000 	c:\Users\Agustin\.vscode\extensions\redhat.java-1.28.1-win32-x64\jre\17.0.10-win32-x86_64\bin\instrument.dll
0x00007ff828b20000 - 0x00007ff828b45000 	c:\Users\Agustin\.vscode\extensions\redhat.java-1.28.1-win32-x64\jre\17.0.10-win32-x86_64\bin\java.dll
0x00007ff827a90000 - 0x00007ff827aa8000 	c:\Users\Agustin\.vscode\extensions\redhat.java-1.28.1-win32-x64\jre\17.0.10-win32-x86_64\bin\zip.dll
0x00007ff83b490000 - 0x00007ff83bceb000 	C:\WINDOWS\System32\SHELL32.dll
0x00007ff837490000 - 0x00007ff837d86000 	C:\WINDOWS\SYSTEM32\windows.storage.dll
0x00007ff837350000 - 0x00007ff83748e000 	C:\WINDOWS\SYSTEM32\wintypes.dll
0x00007ff83aaf0000 - 0x00007ff83abe3000 	C:\WINDOWS\System32\SHCORE.dll
0x00007ff83b430000 - 0x00007ff83b48e000 	C:\WINDOWS\System32\shlwapi.dll
0x00007ff8394a0000 - 0x00007ff8394c6000 	C:\WINDOWS\SYSTEM32\profapi.dll
0x00007ff827300000 - 0x00007ff827319000 	C:\Users\Agustin\.vscode\extensions\redhat.java-1.28.1-win32-x64\jre\17.0.10-win32-x86_64\bin\net.dll
0x00007ff8303f0000 - 0x00007ff830527000 	C:\WINDOWS\SYSTEM32\WINHTTP.dll
0x00007ff838ae0000 - 0x00007ff838b49000 	C:\WINDOWS\system32\mswsock.dll
0x00007ff822de0000 - 0x00007ff822df6000 	C:\Users\Agustin\.vscode\extensions\redhat.java-1.28.1-win32-x64\jre\17.0.10-win32-x86_64\bin\nio.dll
0x00007ff82eed0000 - 0x00007ff82eee0000 	c:\Users\Agustin\.vscode\extensions\redhat.java-1.28.1-win32-x64\jre\17.0.10-win32-x86_64\bin\verify.dll
0x00007ff81f620000 - 0x00007ff81f65e000 	C:\Users\Agustin\AppData\Roaming\Code\User\globalStorage\redhat.java\1.28.1\config_ss_win\org.eclipse.equinox.launcher\org.eclipse.equinox.launcher.win32.win32.x86_64_1.2.900.v20240129-1338\eclipse_11900.dll
0x00007ff83b290000 - 0x00007ff83b430000 	C:\WINDOWS\System32\ole32.dll
0x00007ff838d60000 - 0x00007ff838d7b000 	C:\WINDOWS\SYSTEM32\CRYPTSP.dll
0x00007ff8385c0000 - 0x00007ff8385f5000 	C:\WINDOWS\system32\rsaenh.dll
0x00007ff838bf0000 - 0x00007ff838c1c000 	C:\WINDOWS\SYSTEM32\USERENV.dll
0x00007ff838d50000 - 0x00007ff838d5c000 	C:\WINDOWS\SYSTEM32\CRYPTBASE.dll
0x00007ff8380a0000 - 0x00007ff8380cd000 	C:\WINDOWS\SYSTEM32\IPHLPAPI.DLL
0x00007ff83acd0000 - 0x00007ff83acd9000 	C:\WINDOWS\System32\NSI.dll
0x00007ff82fda0000 - 0x00007ff82fdb9000 	C:\WINDOWS\SYSTEM32\dhcpcsvc6.DLL
0x00007ff82fd00000 - 0x00007ff82fd1f000 	C:\WINDOWS\SYSTEM32\dhcpcsvc.DLL
0x00007ff8380d0000 - 0x00007ff8381c9000 	C:\WINDOWS\SYSTEM32\DNSAPI.dll
0x00007ff813eb0000 - 0x00007ff813ef5000 	C:\Users\Agustin\AppData\Local\Temp\jna-618592437\jna12144685412179549687.dll
0x00007ff83ace0000 - 0x00007ff83ace8000 	C:\WINDOWS\System32\PSAPI.DLL

dbghelp: loaded successfully - version: 4.0.5 - missing functions: none
symbol engine: initialized successfully - sym options: 0x614 - pdb path: .;c:\Users\Agustin\.vscode\extensions\redhat.java-1.28.1-win32-x64\jre\17.0.10-win32-x86_64\bin;C:\WINDOWS\SYSTEM32;C:\WINDOWS\WinSxS\amd64_microsoft.windows.common-controls_6595b64144ccf1df_6.0.22621.2506_none_270c5ae97388e100;c:\Users\Agustin\.vscode\extensions\redhat.java-1.28.1-win32-x64\jre\17.0.10-win32-x86_64\bin\server;C:\Users\Agustin\AppData\Roaming\Code\User\globalStorage\redhat.java\1.28.1\config_ss_win\org.eclipse.equinox.launcher\org.eclipse.equinox.launcher.win32.win32.x86_64_1.2.900.v20240129-1338;C:\Users\Agustin\AppData\Local\Temp\jna-618592437

VM Arguments:
jvm_args: --add-modules=ALL-SYSTEM --add-opens=java.base/java.util=ALL-UNNAMED --add-opens=java.base/java.lang=ALL-UNNAMED --add-opens=java.base/sun.nio.fs=ALL-UNNAMED -Declipse.application=org.eclipse.jdt.ls.core.id1 -Dosgi.bundles.defaultStartLevel=4 -Declipse.product=org.eclipse.jdt.ls.core.product -Djava.import.generatesMetadataFilesAtProjectRoot=false -DDetectVMInstallationsJob.disabled=true -Dfile.encoding=utf8 -XX:+UseParallelGC -XX:GCTimeRatio=4 -XX:AdaptiveSizePolicyWeight=90 -Dsun.zip.disableMemoryMapping=true -Xmx1G -Xms100m -Xlog:disable -javaagent:c:\Users\Agustin\.vscode\extensions\redhat.java-1.28.1-win32-x64\lombok\lombok-1.18.31.jar 
java_command: c:\Users\Agustin\.vscode\extensions\redhat.java-1.28.1-win32-x64\server\plugins\org.eclipse.equinox.launcher_1.6.700.v20231214-2017.jar -configuration c:\Users\Agustin\AppData\Roaming\Code\User\globalStorage\redhat.java\1.28.1\config_ss_win -data c:\Users\Agustin\AppData\Roaming\Code\User\workspaceStorage\beac248b4a49fbf7b748769c68b6370d\redhat.java\ss_ws --stdio
java_class_path (initial): c:\Users\Agustin\.vscode\extensions\redhat.java-1.28.1-win32-x64\server\plugins\org.eclipse.equinox.launcher_1.6.700.v20231214-2017.jar
Launcher Type: SUN_STANDARD

[Global flags]
    uintx AdaptiveSizePolicyWeight                 = 90                                        {product} {command line}
     intx CICompilerCount                          = 4                                         {product} {ergonomic}
    uintx GCTimeRatio                              = 4                                         {product} {command line}
   size_t InitialHeapSize                          = 104857600                                 {product} {command line}
   size_t MaxHeapSize                              = 1073741824                                {product} {command line}
   size_t MaxNewSize                               = 357564416                                 {product} {ergonomic}
   size_t MinHeapDeltaBytes                        = 524288                                    {product} {ergonomic}
   size_t MinHeapSize                              = 104857600                                 {product} {command line}
   size_t NewSize                                  = 34603008                                  {product} {ergonomic}
    uintx NonNMethodCodeHeapSize                   = 5839372                                {pd product} {ergonomic}
    uintx NonProfiledCodeHeapSize                  = 122909434                              {pd product} {ergonomic}
   size_t OldSize                                  = 70254592                                  {product} {ergonomic}
    uintx ProfiledCodeHeapSize                     = 122909434                              {pd product} {ergonomic}
    uintx ReservedCodeCacheSize                    = 251658240                              {pd product} {ergonomic}
     bool SegmentedCodeCache                       = true                                      {product} {ergonomic}
   size_t SoftMaxHeapSize                          = 1073741824                             {manageable} {ergonomic}
     bool UseCompressedClassPointers               = true                           {product lp64_product} {ergonomic}
     bool UseCompressedOops                        = true                           {product lp64_product} {ergonomic}
     bool UseLargePagesIndividualAllocation        = false                                  {pd product} {ergonomic}
     bool UseParallelGC                            = true                                      {product} {command line}

Logging:
Log output configuration:
 #0: stdout all=off uptime,level,tags
 #1: stderr all=off uptime,level,tags

Environment Variables:
JAVA_HOME=C:\Program Files\Java\jdk-18.0.2.1
PATH=C:\Program Files (x86)\Common Files\Intel\Shared Libraries\redist\intel64\compiler;C:\Program Files\Common Files\Oracle\Java\javapath;C:\Windows\system32;C:\Windows;C:\Windows\System32\Wbem;C:\Windows\System32\WindowsPowerShell\v1.0\;C:\Windows\System32\OpenSSH\;C:\Program Files (x86)\NVIDIA Corporation\PhysX\Common;C:\Program Files\NVIDIA Corporation\NVIDIA NvDLISR;C:\Program Files\dotnet\;C:\Program Files\PuTTY\;C:\xampp\php;C:\Program Files\Java\jdk-18.0.2.1\bin;C:\xampp\htdocs\jwt-php-native;C:\Program Files\Git\cmd;C:\wamp64\bin\php\php8.1.0;C:\WINDOWS\system32;C:\WINDOWS;C:\WINDOWS\System32\Wbem;C:\WINDOWS\System32\WindowsPowerShell\v1.0\;C:\WINDOWS\System32\OpenSSH\;C:\Program Files\nodejs\;C:\wamp64\bin\php\php8.3.0;C:\ProgramData\ComposerSetup\bin;C:\Users\Agustin\AppData\Local\Programs\Python\Python310\Scripts\;C:\Users\Agustin\AppData\Local\Programs\Python\Python310\;C:\Users\Agustin\AppData\Local\Microsoft\WindowsApps;C:\Users\Agustin\.dotnet\tools;C:\ProgramData\Agustin\GitHubDesktop\bin;C:\wamp64\bin\php\php8.1.0;C:\Users\Agustin\AppData\Roaming\Composer\vendor\bin;C:\Users\Agustin\AppData\Roaming\npm;C:\Users\Agustin\AppData\Local\Programs\Microsoft VS Code\bin;C:\Users\Agustin\AppData\Local\GitHubDesktop\bin
USERNAME=Agustin
OS=Windows_NT
PROCESSOR_IDENTIFIER=Intel64 Family 6 Model 141 Stepping 1, GenuineIntel
TMP=C:\Users\Agustin\AppData\Local\Temp
TEMP=C:\Users\Agustin\AppData\Local\Temp



Periodic native trim disabled


---------------  S Y S T E M  ---------------

OS:
 Windows 11 , 64 bit Build 22621 (10.0.22621.3085)
OS uptime: 7 days 3:08 hours
Hyper-V role detected

CPU: total 12 (initial active 12) (6 cores per cpu, 2 threads per core) family 6 model 141 stepping 1 microcode 0x3c, cx8, cmov, fxsr, ht, mmx, 3dnowpref, sse, sse2, sse3, ssse3, sse4.1, sse4.2, popcnt, lzcnt, tsc, tscinvbit, avx, avx2, aes, erms, clmul, bmi1, bmi2, adx, avx512f, avx512dq, avx512cd, avx512bw, avx512vl, sha, fma, vzeroupper, avx512_vpopcntdq, avx512_vpclmulqdq, avx512_vaes, avx512_vnni, clflush, clflushopt, clwb, avx512_vbmi2, avx512_vbmi, hv
Processor Information for all 12 processors :
  Max Mhz: 2688, Current Mhz: 2688, Mhz Limit: 2688

Memory: 4k page, system-wide physical 7971M (451M free)
TotalPageFile size 32547M (AvailPageFile size 81M)
current process WorkingSet (physical memory assigned to process): 142M, peak: 142M
current process commit charge ("private bytes"): 256M, peak: 256M

vm_info: OpenJDK 64-Bit Server VM (17.0.10+7) for windows-amd64 JRE (17.0.10+7), built on Jan 16 2024 23:25:11 by "admin" with MS VC++ 16.10 / 16.11 (VS2019)

END.
